[1223/174212.327:ERROR:filesystem_win.cc(148)] DeleteFile C:\Users\Noname\AppData\Local\Temp\scoped_dir18540_28150\Crashpad\reports\ba768304-4869-4195-9350-bbab9d0431a7.dmp: The process cannot access the file because it is being used by another process. (0x20)
[1223/174222.909:ERROR:filesystem_win.cc(148)] DeleteFile C:\Users\Noname\AppData\Local\Temp\scoped_dir6692_29203\Crashpad\reports\1c915929-4a40-436f-817e-f17caa49b824.dmp: The process cannot access the file because it is being used by another process. (0x20)
[1223/174437.596:ERROR:filesystem_win.cc(148)] DeleteFile C:\Users\Noname\AppData\Local\Temp\scoped_dir20368_27472\Crashpad\reports\17b922cd-fef2-49db-9e2b-d5861c4d9e8b.dmp: The process cannot access the file because it is being used by another process. (0x20)
[1225/225955.526:ERROR:filesystem_win.cc(148)] DeleteFile C:\Users\Noname\AppData\Local\Temp\scoped_dir87856_20468\Crashpad\reports\4d999586-df1b-4b3b-8e7a-cc2bb5901736.dmp: The process cannot access the file because it is being used by another process. (0x20)
[1225/225955.910:ERROR:filesystem_win.cc(148)] DeleteFile C:\Users\Noname\AppData\Local\Temp\scoped_dir79624_12224\Crashpad\reports\0924f5a4-ab5a-4562-b97c-c3647101276c.dmp: The process cannot access the file because it is being used by another process. (0x20)
[1225/231123.536:ERROR:crashpad_client_win.cc(491)] CreateProcess: The paging file is too small for this operation to complete. (0x5AF)
[1225/231137.294:ERROR:filesystem_win.cc(148)] DeleteFile C:\Users\Noname\AppData\Local\Temp\scoped_dir81160_10819\Crashpad\reports\6cc9b4da-00a3-4c1a-bb12-afb34b707029.dmp: The process cannot access the file because it is being used by another process. (0x20)
[1225/231741.428:ERROR:filesystem_win.cc(148)] DeleteFile C:\Users\Noname\AppData\Local\Temp\scoped_dir75344_32585\Crashpad\reports\a1eb37b1-dc12-4eb1-9602-c82bb300404c.dmp: The process cannot access the file because it is being used by another process. (0x20)
[1226/012418.294:ERROR:process_info.cc(359)] UncheckedAllocate
[1226/012418.945:ERROR:process_info.cc(359)] UncheckedAllocate
[1226/012419.577:ERROR:process_info.cc(359)] UncheckedAllocate
[0103/111925.625:ERROR:filesystem_win.cc(148)] DeleteFile C:\Users\Noname\AppData\Local\Temp\scoped_dir44272_29372\Crashpad\reports\0bc84ed2-31c3-48c9-8584-198a3612fcc5.dmp: The process cannot access the file because it is being used by another process. (0x20)
[0103/111931.290:ERROR:filesystem_win.cc(148)] DeleteFile C:\Users\Noname\AppData\Local\Temp\scoped_dir53072_23183\Crashpad\reports\dbb8a0e8-a2fc-4362-9e63-95510047bdf5.dmp: The process cannot access the file because it is being used by another process. (0x20)
[0103/120746.458:ERROR:process_info.cc(359)] UncheckedAllocate
[0103/120746.484:ERROR:file_io.cc(134)] WriteFile: There is not enough space on the disk. (0x70)
[0103/120746.484:ERROR:crash_report_exception_handler.cc(111)] WriteEverything failed
[0103/120746.490:ERROR:filesystem_win.cc(148)] DeleteFile C:\Users\Noname\AppData\Local\Temp\scoped_dir88708_31848\Crashpad\reports\81fab218-db25-4b20-8865-9882f3e21f0a.dmp: The process cannot access the file because it is being used by another process. (0x20)
[0103/120756.074:ERROR:process_reader_win.cc(242)] ReadMemory at 0xd30000 of 64 bytes failed: Only part of a ReadProcessMemory or WriteProcessMemory request was completed. (0x12B)
[0103/120756.075:WARNING:pe_image_reader.cc(302)] could not read dos header from C:\Program Files\Google\Chrome\Application\chrome.exe
[0103/120756.076:ERROR:process_reader_win.cc(242)] ReadMemory at 0x776f0000 of 64 bytes failed: Only part of a ReadProcessMemory or WriteProcessMemory request was completed. (0x12B)
[0103/120756.076:WARNING:pe_image_reader.cc(302)] could not read dos header from C:\WINDOWS\SYSTEM32\ntdll.dll
[0103/120756.076:ERROR:process_reader_win.cc(242)] ReadMemory at 0x75230000 of 64 bytes failed: Only part of a ReadProcessMemory or WriteProcessMemory request was completed. (0x12B)
[0103/120756.076:WARNING:pe_image_reader.cc(302)] could not read dos header from C:\WINDOWS\System32\KERNEL32.DLL
[0103/120756.076:ERROR:process_reader_win.cc(242)] ReadMemory at 0x74450000 of 64 bytes failed: Only part of a ReadProcessMemory or WriteProcessMemory request was completed. (0x12B)
[0103/120756.076:WARNING:pe_image_reader.cc(302)] could not read dos header from C:\WINDOWS\System32\KERNELBASE.dll
[0103/120756.076:ERROR:process_reader_win.cc(242)] ReadMemory at 0x720f0000 of 64 bytes failed: Only part of a ReadProcessMemory or WriteProcessMemory request was completed. (0x12B)
[0103/120756.076:WARNING:pe_image_reader.cc(302)] could not read dos header from C:\WINDOWS\SYSTEM32\apphelp.dll
[0103/120756.076:ERROR:process_reader_win.cc(242)] ReadMemory at 0x76280000 of 64 bytes failed: Only part of a ReadProcessMemory or WriteProcessMemory request was completed. (0x12B)
[0103/120756.076:WARNING:pe_image_reader.cc(302)] could not read dos header from C:\WINDOWS\System32\SHELL32.dll
[0103/120756.076:ERROR:process_reader_win.cc(242)] ReadMemory at 0x75120000 of 64 bytes failed: Only part of a ReadProcessMemory or WriteProcessMemory request was completed. (0x12B)
[0103/120756.076:WARNING:pe_image_reader.cc(302)] could not read dos header from C:\WINDOWS\System32\msvcrt.dll
[0103/120756.076:ERROR:process_reader_win.cc(242)] ReadMemory at 0x74df0000 of 64 bytes failed: Only part of a ReadProcessMemory or WriteProcessMemory request was completed. (0x12B)
[0103/120756.076:WARNING:pe_image_reader.cc(302)] could not read dos header from C:\WINDOWS\System32\cfgmgr32.dll
[0103/120756.076:ERROR:process_reader_win.cc(242)] ReadMemory at 0x741a0000 of 64 bytes failed: Only part of a ReadProcessMemory or WriteProcessMemory request was completed. (0x12B)
[0103/120756.076:WARNING:pe_image_reader.cc(302)] could not read dos header from C:\WINDOWS\System32\ucrtbase.dll
[0103/120756.076:ERROR:process_reader_win.cc(242)] ReadMemory at 0x75ad0000 of 64 bytes failed: Only part of a ReadProcessMemory or WriteProcessMemory request was completed. (0x12B)
[0103/120756.076:WARNING:pe_image_reader.cc(302)] could not read dos header from C:\WINDOWS\System32\shcore.dll
[0103/120756.076:ERROR:process_reader_win.cc(242)] ReadMemory at 0x775e0000 of 64 bytes failed: Only part of a ReadProcessMemory or WriteProcessMemory request was completed. (0x12B)
[0103/120756.076:WARNING:pe_image_reader.cc(302)] could not read dos header from C:\WINDOWS\System32\RPCRT4.dll
[0103/120756.076:ERROR:process_reader_win.cc(242)] ReadMemory at 0x75870000 of 64 bytes failed: Only part of a ReadProcessMemory or WriteProcessMemory request was completed. (0x12B)
[0103/120756.076:WARNING:pe_image_reader.cc(302)] could not read dos header from C:\WINDOWS\System32\combase.dll
[0103/120756.076:ERROR:process_reader_win.cc(242)] ReadMemory at 0x742e0000 of 64 bytes failed: Only part of a ReadProcessMemory or WriteProcessMemory request was completed. (0x12B)
[0103/120756.076:WARNING:pe_image_reader.cc(302)] could not read dos header from C:\WINDOWS\System32\bcryptPrimitives.dll
[0103/120756.076:ERROR:process_reader_win.cc(242)] ReadMemory at 0x74690000 of 64 bytes failed: Only part of a ReadProcessMemory or WriteProcessMemory request was completed. (0x12B)
[0103/120756.076:WARNING:pe_image_reader.cc(302)] could not read dos header from C:\WINDOWS\System32\windows.storage.dll
[0103/120756.076:ERROR:process_reader_win.cc(242)] ReadMemory at 0x75320000 of 64 bytes failed: Only part of a ReadProcessMemory or WriteProcessMemory request was completed. (0x12B)
[0103/120756.076:WARNING:pe_image_reader.cc(302)] could not read dos header from C:\WINDOWS\System32\advapi32.dll
[0103/120756.076:ERROR:process_reader_win.cc(242)] ReadMemory at 0x751e0000 of 64 bytes failed: Only part of a ReadProcessMemory or WriteProcessMemory request was completed. (0x12B)
[0103/120756.076:WARNING:pe_image_reader.cc(302)] could not read dos header from C:\WINDOWS\System32\sechost.dll
[0103/120756.076:ERROR:process_reader_win.cc(242)] ReadMemory at 0x752d0000 of 64 bytes failed: Only part of a ReadProcessMemory or WriteProcessMemory request was completed. (0x12B)
[0103/120756.076:WARNING:pe_image_reader.cc(302)] could not read dos header from C:\WINDOWS\System32\shlwapi.dll
[0103/120756.076:ERROR:process_reader_win.cc(242)] ReadMemory at 0x760e0000 of 64 bytes failed: Only part of a ReadProcessMemory or WriteProcessMemory request was completed. (0x12B)
[0103/120756.076:WARNING:pe_image_reader.cc(302)] could not read dos header from C:\WINDOWS\System32\GDI32.dll
[0103/120756.076:ERROR:process_reader_win.cc(242)] ReadMemory at 0x74e30000 of 64 bytes failed: Only part of a ReadProcessMemory or WriteProcessMemory request was completed. (0x12B)
[0103/120756.076:WARNING:pe_image_reader.cc(302)] could not read dos header from C:\WINDOWS\System32\gdi32full.dll
[0103/120756.076:ERROR:process_reader_win.cc(242)] ReadMemory at 0x74340000 of 64 bytes failed: Only part of a ReadProcessMemory or WriteProcessMemory request was completed. (0x12B)
[0103/120756.076:WARNING:pe_image_reader.cc(302)] could not read dos header from C:\WINDOWS\System32\msvcp_win.dll
[0103/120756.076:ERROR:process_reader_win.cc(242)] ReadMemory at 0x75610000 of 64 bytes failed: Only part of a ReadProcessMemory or WriteProcessMemory request was completed. (0x12B)
[0103/120756.076:WARNING:pe_image_reader.cc(302)] could not read dos header from C:\WINDOWS\System32\USER32.dll
[0103/120756.076:ERROR:process_reader_win.cc(242)] ReadMemory at 0x742c0000 of 64 bytes failed: Only part of a ReadProcessMemory or WriteProcessMemory request was completed. (0x12B)
[0103/120756.076:WARNING:pe_image_reader.cc(302)] could not read dos header from C:\WINDOWS\System32\win32u.dll
[0103/120756.076:ERROR:process_reader_win.cc(242)] ReadMemory at 0x74160000 of 64 bytes failed: Only part of a ReadProcessMemory or WriteProcessMemory request was completed. (0x12B)
[0103/120756.076:WARNING:pe_image_reader.cc(302)] could not read dos header from C:\WINDOWS\System32\kernel.appcore.dll
[0103/120756.076:ERROR:process_reader_win.cc(242)] ReadMemory at 0x74180000 of 64 bytes failed: Only part of a ReadProcessMemory or WriteProcessMemory request was completed. (0x12B)
[0103/120756.076:WARNING:pe_image_reader.cc(302)] could not read dos header from C:\WINDOWS\System32\profapi.dll
[0103/120756.076:ERROR:process_reader_win.cc(242)] ReadMemory at 0x74110000 of 64 bytes failed: Only part of a ReadProcessMemory or WriteProcessMemory request was completed. (0x12B)
[0103/120756.076:WARNING:pe_image_reader.cc(302)] could not read dos header from C:\WINDOWS\System32\powrprof.dll
[0103/120756.076:ERROR:process_reader_win.cc(242)] ReadMemory at 0x74100000 of 64 bytes failed: Only part of a ReadProcessMemory or WriteProcessMemory request was completed. (0x12B)
[0103/120756.076:WARNING:pe_image_reader.cc(302)] could not read dos header from C:\WINDOWS\System32\FLTLIB.DLL
[0103/120756.076:ERROR:process_reader_win.cc(242)] ReadMemory at 0x775d0000 of 64 bytes failed: Only part of a ReadProcessMemory or WriteProcessMemory request was completed. (0x12B)
[0103/120756.077:WARNING:pe_image_reader.cc(302)] could not read dos header from C:\WINDOWS\System32\PSAPI.DLL
[0103/120756.077:ERROR:process_reader_win.cc(242)] ReadMemory at 0x60c10000 of 64 bytes failed: Only part of a ReadProcessMemory or WriteProcessMemory request was completed. (0x12B)
[0103/120756.077:WARNING:pe_image_reader.cc(302)] could not read dos header from C:\Program Files\Google\Chrome\Application\71.0.3578.98\chrome_elf.dll
[0103/120756.077:ERROR:process_reader_win.cc(242)] ReadMemory at 0x69b40000 of 64 bytes failed: Only part of a ReadProcessMemory or WriteProcessMemory request was completed. (0x12B)
[0103/120756.077:WARNING:pe_image_reader.cc(302)] could not read dos header from C:\WINDOWS\SYSTEM32\VERSION.dll
[0103/120756.077:ERROR:process_reader_win.cc(242)] ReadMemory at 0x71e40000 of 64 bytes failed: Only part of a ReadProcessMemory or WriteProcessMemory request was completed. (0x12B)
[0103/120756.077:WARNING:pe_image_reader.cc(302)] could not read dos header from C:\WINDOWS\SYSTEM32\WINMM.dll
[0103/120756.077:ERROR:process_reader_win.cc(242)] ReadMemory at 0x74010000 of 64 bytes failed: Only part of a ReadProcessMemory or WriteProcessMemory request was completed. (0x12B)
[0103/120756.077:WARNING:pe_image_reader.cc(302)] could not read dos header from C:\WINDOWS\SYSTEM32\USERENV.dll
[0103/120756.077:ERROR:process_reader_win.cc(242)] ReadMemory at 0x71910000 of 64 bytes failed: Only part of a ReadProcessMemory or WriteProcessMemory request was completed. (0x12B)
[0103/120756.077:WARNING:pe_image_reader.cc(302)] could not read dos header from C:\WINDOWS\SYSTEM32\WINMMBASE.dll
[0103/120756.077:ERROR:process_reader_win.cc(242)] ReadMemory at 0x73c10000 of 64 bytes failed: Only part of a ReadProcessMemory or WriteProcessMemory request was completed. (0x12B)
[0103/120756.077:WARNING:pe_image_reader.cc(302)] could not read dos header from C:\WINDOWS\SYSTEM32\CRYPTBASE.DLL
[0103/120756.077:ERROR:process_reader_win.cc(242)] ReadMemory at 0x75060000 of 64 bytes failed: Only part of a ReadProcessMemory or WriteProcessMemory request was completed. (0x12B)
[0103/120756.077:WARNING:pe_image_reader.cc(302)] could not read dos header from C:\WINDOWS\System32\IMM32.DLL
[0103/120756.077:ERROR:process_reader_win.cc(242)] ReadMemory at 0xf070000 of 64 bytes failed: Only part of a ReadProcessMemory or WriteProcessMemory request was completed. (0x12B)
[0103/120756.077:WARNING:pe_image_reader.cc(302)] could not read dos header from C:\Program Files\Google\Chrome\Application\71.0.3578.98\chrome_child.dll
[0103/120756.077:ERROR:process_reader_win.cc(242)] ReadMemory at 0x75440000 of 64 bytes failed: Only part of a ReadProcessMemory or WriteProcessMemory request was completed. (0x12B)
[0103/120756.077:WARNING:pe_image_reader.cc(302)] could not read dos header from C:\WINDOWS\System32\WS2_32.dll
[0103/120756.077:ERROR:process_reader_win.cc(242)] ReadMemory at 0x75510000 of 64 bytes failed: Only part of a ReadProcessMemory or WriteProcessMemory request was completed. (0x12B)
[0103/120756.077:WARNING:pe_image_reader.cc(302)] could not read dos header from C:\WINDOWS\System32\ole32.dll
[0103/120756.077:ERROR:process_reader_win.cc(242)] ReadMemory at 0x753a0000 of 64 bytes failed: Only part of a ReadProcessMemory or WriteProcessMemory request was completed. (0x12B)
[0103/120756.077:WARNING:pe_image_reader.cc(302)] could not read dos header from C:\WINDOWS\System32\OLEAUT32.dll
[0103/120756.077:ERROR:process_reader_win.cc(242)] ReadMemory at 0x74640000 of 64 bytes failed: Only part of a ReadProcessMemory or WriteProcessMemory request was completed. (0x12B)
[0103/120756.077:WARNING:pe_image_reader.cc(302)] could not read dos header from C:\WINDOWS\System32\WINTRUST.dll
[0103/120756.077:ERROR:process_reader_win.cc(242)] ReadMemory at 0x74170000 of 64 bytes failed: Only part of a ReadProcessMemory or WriteProcessMemory request was completed. (0x12B)
[0103/120756.077:WARNING:pe_image_reader.cc(302)] could not read dos header from C:\WINDOWS\System32\MSASN1.dll
[0103/120756.077:ERROR:process_reader_win.cc(242)] ReadMemory at 0x74c50000 of 64 bytes failed: Only part of a ReadProcessMemory or WriteProcessMemory request was completed. (0x12B)
[0103/120756.077:WARNING:pe_image_reader.cc(302)] could not read dos header from C:\WINDOWS\System32\CRYPT32.dll
[0103/120756.077:ERROR:process_reader_win.cc(242)] ReadMemory at 0x75790000 of 64 bytes failed: Only part of a ReadProcessMemory or WriteProcessMemory request was completed. (0x12B)
[0103/120756.077:WARNING:pe_image_reader.cc(302)] could not read dos header from C:\WINDOWS\System32\COMDLG32.dll
[0103/120756.077:ERROR:process_reader_win.cc(242)] ReadMemory at 0x73880000 of 64 bytes failed: Only part of a ReadProcessMemory or WriteProcessMemory request was completed. (0x12B)
[0103/120756.077:WARNING:pe_image_reader.cc(302)] could not read dos header from C:\WINDOWS\SYSTEM32\IPHLPAPI.DLL
[0103/120756.077:ERROR:process_reader_win.cc(242)] ReadMemory at 0x53aa0000 of 64 bytes failed: Only part of a ReadProcessMemory or WriteProcessMemory request was completed. (0x12B)
[0103/120756.077:WARNING:pe_image_reader.cc(302)] could not read dos header from C:\WINDOWS\SYSTEM32\OLEACC.dll
[0103/120756.077:ERROR:process_reader_win.cc(242)] ReadMemory at 0x5eca0000 of 64 bytes failed: Only part of a ReadProcessMemory or WriteProcessMemory request was completed. (0x12B)
[0103/120756.077:WARNING:pe_image_reader.cc(302)] could not read dos header from C:\WINDOWS\WinSxS\x86_microsoft.windows.common-controls_6595b64144ccf1df_6.0.17134.472_none_42ecd1cc44e43e73\COMCTL32.dll
[0103/120756.077:ERROR:process_reader_win.cc(242)] ReadMemory at 0x69f20000 of 64 bytes failed: Only part of a ReadProcessMemory or WriteProcessMemory request was completed. (0x12B)
[0103/120756.077:WARNING:pe_image_reader.cc(302)] could not read dos header from C:\WINDOWS\SYSTEM32\DWrite.dll
[0103/120756.077:ERROR:process_reader_win.cc(242)] ReadMemory at 0x73030000 of 64 bytes failed: Only part of a ReadProcessMemory or WriteProcessMemory request was completed. (0x12B)
[0103/120756.077:WARNING:pe_image_reader.cc(302)] could not read dos header from C:\WINDOWS\SYSTEM32\dxgi.dll
[0103/120756.077:ERROR:process_reader_win.cc(242)] ReadMemory at 0x6f980000 of 64 bytes failed: Only part of a ReadProcessMemory or WriteProcessMemory request was completed. (0x12B)
[0103/120756.077:WARNING:pe_image_reader.cc(302)] could not read dos header from C:\WINDOWS\SYSTEM32\WINSPOOL.DRV
[0103/120756.077:ERROR:process_reader_win.cc(242)] ReadMemory at 0x6fba0000 of 64 bytes failed: Only part of a ReadProcessMemory or WriteProcessMemory request was completed. (0x12B)
[0103/120756.077:WARNING:pe_image_reader.cc(302)] could not read dos header from C:\WINDOWS\SYSTEM32\dbghelp.dll
[0103/120756.077:ERROR:process_reader_win.cc(242)] ReadMemory at 0x575a0000 of 64 bytes failed: Only part of a ReadProcessMemory or WriteProcessMemory request was completed. (0x12B)
[0103/120756.077:WARNING:pe_image_reader.cc(302)] could not read dos header from C:\WINDOWS\SYSTEM32\USP10.dll
[0103/120756.077:ERROR:process_reader_win.cc(242)] ReadMemory at 0x71560000 of 64 bytes failed: Only part of a ReadProcessMemory or WriteProcessMemory request was completed. (0x12B)
[0103/120756.077:WARNING:pe_image_reader.cc(302)] could not read dos header from C:\WINDOWS\SYSTEM32\WINHTTP.dll
[0103/120756.077:ERROR:process_reader_win.cc(242)] ReadMemory at 0x6c270000 of 64 bytes failed: Only part of a ReadProcessMemory or WriteProcessMemory request was completed. (0x12B)
[0103/120756.077:WARNING:pe_image_reader.cc(302)] could not read dos header from C:\WINDOWS\SYSTEM32\urlmon.dll
[0103/120756.077:ERROR:process_reader_win.cc(242)] ReadMemory at 0x66df0000 of 64 bytes failed: Only part of a ReadProcessMemory or WriteProcessMemory request was completed. (0x12B)
[0103/120756.077:WARNING:pe_image_reader.cc(302)] could not read dos header from C:\WINDOWS\SYSTEM32\Secur32.dll
[0103/120756.077:ERROR:process_reader_win.cc(242)] ReadMemory at 0x6f410000 of 64 bytes failed: Only part of a ReadProcessMemory or WriteProcessMemory request was completed. (0x12B)
[0103/120756.077:WARNING:pe_image_reader.cc(302)] could not read dos header from C:\WINDOWS\SYSTEM32\dhcpcsvc.DLL
[0103/120756.077:ERROR:process_reader_win.cc(242)] ReadMemory at 0x776e0000 of 64 bytes failed: Only part of a ReadProcessMemory or WriteProcessMemory request was completed. (0x12B)
[0103/120756.077:WARNING:pe_image_reader.cc(302)] could not read dos header from C:\WINDOWS\System32\NSI.dll
[0103/120756.078:ERROR:process_reader_win.cc(242)] ReadMemory at 0x72740000 of 64 bytes failed: Only part of a ReadProcessMemory or WriteProcessMemory request was completed. (0x12B)
[0103/120756.078:WARNING:pe_image_reader.cc(302)] could not read dos header from C:\WINDOWS\SYSTEM32\PROPSYS.dll
[0103/120756.078:ERROR:process_reader_win.cc(242)] ReadMemory at 0x73d10000 of 64 bytes failed: Only part of a ReadProcessMemory or WriteProcessMemory request was completed. (0x12B)
[0103/120756.078:WARNING:pe_image_reader.cc(302)] could not read dos header from C:\WINDOWS\SYSTEM32\bcrypt.dll
[0103/120756.078:ERROR:process_reader_win.cc(242)] ReadMemory at 0x6a3d0000 of 64 bytes failed: Only part of a ReadProcessMemory or WriteProcessMemory request was completed. (0x12B)
[0103/120756.078:WARNING:pe_image_reader.cc(302)] could not read dos header from C:\WINDOWS\SYSTEM32\iertutil.dll
[0103/120756.078:ERROR:process_reader_win.cc(242)] ReadMemory at 0x74040000 of 64 bytes failed: Only part of a ReadProcessMemory or WriteProcessMemory request was completed. (0x12B)
[0103/120756.078:WARNING:pe_image_reader.cc(302)] could not read dos header from C:\WINDOWS\SYSTEM32\SSPICLI.DLL
[0103/120756.098:ERROR:process_reader_win.cc(242)] ReadMemory at 0x2f95000 of 45056 bytes failed: Only part of a ReadProcessMemory or WriteProcessMemory request was completed. (0x12B)
[0103/120756.098:ERROR:process_reader_win.cc(242)] ReadMemory at 0x365f000 of 4096 bytes failed: Only part of a ReadProcessMemory or WriteProcessMemory request was completed. (0x12B)
[0103/120756.098:ERROR:process_reader_win.cc(242)] ReadMemory at 0x586f000 of 4096 bytes failed: Only part of a ReadProcessMemory or WriteProcessMemory request was completed. (0x12B)
[0103/120756.098:ERROR:process_reader_win.cc(242)] ReadMemory at 0x596e000 of 8192 bytes failed: Only part of a ReadProcessMemory or WriteProcessMemory request was completed. (0x12B)
[0103/120756.098:ERROR:process_reader_win.cc(242)] ReadMemory at 0x5a6f000 of 4096 bytes failed: Only part of a ReadProcessMemory or WriteProcessMemory request was completed. (0x12B)
[0103/120756.098:ERROR:process_reader_win.cc(242)] ReadMemory at 0x5b6e000 of 8192 bytes failed: Only part of a ReadProcessMemory or WriteProcessMemory request was completed. (0x12B)
[0103/120756.098:ERROR:process_reader_win.cc(242)] ReadMemory at 0x5c6f000 of 4096 bytes failed: Only part of a ReadProcessMemory or WriteProcessMemory request was completed. (0x12B)
[0103/120756.098:ERROR:process_reader_win.cc(242)] ReadMemory at 0x5d6f000 of 4096 bytes failed: Only part of a ReadProcessMemory or WriteProcessMemory request was completed. (0x12B)
[0103/120756.098:ERROR:process_reader_win.cc(242)] ReadMemory at 0x5e6f000 of 4096 bytes failed: Only part of a ReadProcessMemory or WriteProcessMemory request was completed. (0x12B)
[0103/120756.098:ERROR:process_reader_win.cc(242)] ReadMemory at 0x5f6f000 of 4096 bytes failed: Only part of a ReadProcessMemory or WriteProcessMemory request was completed. (0x12B)
[0103/120756.098:ERROR:process_reader_win.cc(242)] ReadMemory at 0x67fe000 of 8192 bytes failed: Only part of a ReadProcessMemory or WriteProcessMemory request was completed. (0x12B)
[0103/120756.098:ERROR:process_reader_win.cc(242)] ReadMemory at 0x68ff000 of 4096 bytes failed: Only part of a ReadProcessMemory or WriteProcessMemory request was completed. (0x12B)
[0103/120756.098:ERROR:process_reader_win.cc(242)] ReadMemory at 0x69fe000 of 8192 bytes failed: Only part of a ReadProcessMemory or WriteProcessMemory request was completed. (0x12B)
[0103/120756.098:ERROR:process_reader_win.cc(242)] ReadMemory at 0x6afe000 of 8192 bytes failed: Only part of a ReadProcessMemory or WriteProcessMemory request was completed. (0x12B)
[0103/120756.098:ERROR:process_reader_win.cc(242)] ReadMemory at 0x6bfe000 of 8192 bytes failed: Only part of a ReadProcessMemory or WriteProcessMemory request was completed. (0x12B)
[0103/120756.098:ERROR:process_reader_win.cc(242)] ReadMemory at 0x6cff000 of 4096 bytes failed: Only part of a ReadProcessMemory or WriteProcessMemory request was completed. (0x12B)
[0103/120756.098:ERROR:process_reader_win.cc(242)] ReadMemory at 0x7aff000 of 4096 bytes failed: Only part of a ReadProcessMemory or WriteProcessMemory request was completed. (0x12B)
[0103/120756.099:ERROR:process_reader_win.cc(242)] ReadMemory at 0x7bfe000 of 8192 bytes failed: Only part of a ReadProcessMemory or WriteProcessMemory request was completed. (0x12B)
[0103/120756.099:ERROR:process_reader_win.cc(242)] ReadMemory at 0x7cff000 of 4096 bytes failed: Only part of a ReadProcessMemory or WriteProcessMemory request was completed. (0x12B)
[0103/120756.099:ERROR:process_reader_win.cc(242)] ReadMemory at 0x7dff000 of 4096 bytes failed: Only part of a ReadProcessMemory or WriteProcessMemory request was completed. (0x12B)
[0103/120756.099:ERROR:process_reader_win.cc(242)] ReadMemory at 0x7efe000 of 8192 bytes failed: Only part of a ReadProcessMemory or WriteProcessMemory request was completed. (0x12B)
[0103/120756.099:ERROR:process_reader_win.cc(242)] ReadMemory at 0x7ffe000 of 8192 bytes failed: Only part of a ReadProcessMemory or WriteProcessMemory request was completed. (0x12B)
[0103/120756.099:ERROR:process_reader_win.cc(242)] ReadMemory at 0x318c000 of 560 bytes failed: Only part of a ReadProcessMemory or WriteProcessMemory request was completed. (0x12B)
[0103/120756.099:ERROR:process_reader_win.cc(242)] ReadMemory at 0x318d000 of 3992 bytes failed: Only part of a ReadProcessMemory or WriteProcessMemory request was completed. (0x12B)
[0103/120756.099:ERROR:process_reader_win.cc(242)] ReadMemory at 0x318e000 of 3992 bytes failed: Only part of a ReadProcessMemory or WriteProcessMemory request was completed. (0x12B)
[0103/120756.099:ERROR:process_reader_win.cc(242)] ReadMemory at 0x318f000 of 3992 bytes failed: Only part of a ReadProcessMemory or WriteProcessMemory request was completed. (0x12B)
[0103/120756.099:ERROR:process_reader_win.cc(242)] ReadMemory at 0x3190000 of 3992 bytes failed: Only part of a ReadProcessMemory or WriteProcessMemory request was completed. (0x12B)
[0103/120756.099:ERROR:process_reader_win.cc(242)] ReadMemory at 0x3191000 of 3992 bytes failed: Only part of a ReadProcessMemory or WriteProcessMemory request was completed. (0x12B)
[0103/120756.099:ERROR:process_reader_win.cc(242)] ReadMemory at 0x3192000 of 3992 bytes failed: Only part of a ReadProcessMemory or WriteProcessMemory request was completed. (0x12B)
[0103/120756.099:ERROR:process_reader_win.cc(242)] ReadMemory at 0x3193000 of 3992 bytes failed: Only part of a ReadProcessMemory or WriteProcessMemory request was completed. (0x12B)
[0103/120756.099:ERROR:process_reader_win.cc(242)] ReadMemory at 0x3194000 of 3992 bytes failed: Only part of a ReadProcessMemory or WriteProcessMemory request was completed. (0x12B)
[0103/120756.099:ERROR:process_reader_win.cc(242)] ReadMemory at 0x3195000 of 3992 bytes failed: Only part of a ReadProcessMemory or WriteProcessMemory request was completed. (0x12B)
[0103/120756.099:ERROR:process_reader_win.cc(242)] ReadMemory at 0x3196000 of 3992 bytes failed: Only part of a ReadProcessMemory or WriteProcessMemory request was completed. (0x12B)
[0103/120756.099:ERROR:process_reader_win.cc(242)] ReadMemory at 0x3197000 of 3992 bytes failed: Only part of a ReadProcessMemory or WriteProcessMemory request was completed. (0x12B)
[0103/120756.099:ERROR:process_reader_win.cc(242)] ReadMemory at 0x3198000 of 3992 bytes failed: Only part of a ReadProcessMemory or WriteProcessMemory request was completed. (0x12B)
[0103/120756.099:ERROR:process_reader_win.cc(242)] ReadMemory at 0x3199000 of 3992 bytes failed: Only part of a ReadProcessMemory or WriteProcessMemory request was completed. (0x12B)
[0103/120756.099:ERROR:process_reader_win.cc(242)] ReadMemory at 0x319a000 of 3992 bytes failed: Only part of a ReadProcessMemory or WriteProcessMemory request was completed. (0x12B)
[0103/120756.099:ERROR:process_reader_win.cc(242)] ReadMemory at 0x319b000 of 3992 bytes failed: Only part of a ReadProcessMemory or WriteProcessMemory request was completed. (0x12B)
[0103/120756.099:ERROR:process_reader_win.cc(242)] ReadMemory at 0x319c000 of 3992 bytes failed: Only part of a ReadProcessMemory or WriteProcessMemory request was completed. (0x12B)
[0103/120756.100:ERROR:process_reader_win.cc(242)] ReadMemory at 0x319d000 of 3992 bytes failed: Only part of a ReadProcessMemory or WriteProcessMemory request was completed. (0x12B)
[0103/120756.100:ERROR:process_reader_win.cc(242)] ReadMemory at 0x319e000 of 3992 bytes failed: Only part of a ReadProcessMemory or WriteProcessMemory request was completed. (0x12B)
[0103/120756.100:ERROR:process_reader_win.cc(242)] ReadMemory at 0x319f000 of 3992 bytes failed: Only part of a ReadProcessMemory or WriteProcessMemory request was completed. (0x12B)
[0103/120756.100:ERROR:process_reader_win.cc(242)] ReadMemory at 0x31a0000 of 3992 bytes failed: Only part of a ReadProcessMemory or WriteProcessMemory request was completed. (0x12B)
[0103/120756.100:ERROR:process_reader_win.cc(242)] ReadMemory at 0x31a1000 of 3992 bytes failed: Only part of a ReadProcessMemory or WriteProcessMemory request was completed. (0x12B)
[0103/120756.100:ERROR:process_reader_win.cc(242)] ReadMemory at 0x31a2000 of 3992 bytes failed: Only part of a ReadProcessMemory or WriteProcessMemory request was completed. (0x12B)
[0103/120756.100:ERROR:process_reader_win.cc(242)] ReadMemory at 0x32904a0 of 80 bytes failed: Only part of a ReadProcessMemory or WriteProcessMemory request was completed. (0x12B)
[0103/120756.100:ERROR:process_reader_win.cc(242)] ReadMemory at 0x3290550 of 78 bytes failed: Only part of a ReadProcessMemory or WriteProcessMemory request was completed. (0x12B)
[0103/120756.100:ERROR:process_reader_win.cc(242)] ReadMemory at 0x3290730 of 512 bytes failed: Only part of a ReadProcessMemory or WriteProcessMemory request was completed. (0x12B)
[0103/120756.100:ERROR:process_reader_win.cc(242)] ReadMemory at 0x3290ae0 of 4590 bytes failed: Only part of a ReadProcessMemory or WriteProcessMemory request was completed. (0x12B)
[0103/120756.100:ERROR:process_reader_win.cc(242)] ReadMemory at 0x3291cd8 of 660 bytes failed: Only part of a ReadProcessMemory or WriteProcessMemory request was completed. (0x12B)
[0103/120756.100:ERROR:process_reader_win.cc(242)] ReadMemory at 0x3292184 of 106 bytes failed: Only part of a ReadProcessMemory or WriteProcessMemory request was completed. (0x12B)
[0103/120756.100:ERROR:process_reader_win.cc(242)] ReadMemory at 0x32921f0 of 1448 bytes failed: Only part of a ReadProcessMemory or WriteProcessMemory request was completed. (0x12B)
[0103/120756.100:ERROR:process_reader_win.cc(242)] ReadMemory at 0x329279a of 106 bytes failed: Only part of a ReadProcessMemory or WriteProcessMemory request was completed. (0x12B)
[0103/120756.100:ERROR:process_reader_win.cc(242)] ReadMemory at 0x3292806 of 98 bytes failed: Only part of a ReadProcessMemory or WriteProcessMemory request was completed. (0x12B)
[0103/120756.100:ERROR:process_reader_win.cc(242)] ReadMemory at 0x3292878 of 58 bytes failed: Only part of a ReadProcessMemory or WriteProcessMemory request was completed. (0x12B)
[0103/120756.100:ERROR:process_reader_win.cc(242)] ReadMemory at 0x3292968 of 72 bytes failed: Only part of a ReadProcessMemory or WriteProcessMemory request was completed. (0x12B)
[0103/120756.100:ERROR:process_reader_win.cc(242)] ReadMemory at 0x3292a50 of 72 bytes failed: Only part of a ReadProcessMemory or WriteProcessMemory request was completed. (0x12B)
[0103/120756.100:ERROR:process_reader_win.cc(242)] ReadMemory at 0x3292b50 of 112 bytes failed: Only part of a ReadProcessMemory or WriteProcessMemory request was completed. (0x12B)
[0103/120756.100:ERROR:process_reader_win.cc(242)] ReadMemory at 0x3292e28 of 62 bytes failed: Only part of a ReadProcessMemory or WriteProcessMemory request was completed. (0x12B)
[0103/120756.100:ERROR:process_reader_win.cc(242)] ReadMemory at 0x3292e80 of 72 bytes failed: Only part of a ReadProcessMemory or WriteProcessMemory request was completed. (0x12B)
[0103/120756.100:ERROR:process_reader_win.cc(242)] ReadMemory at 0x3292f68 of 64 bytes failed: Only part of a ReadProcessMemory or WriteProcessMemory request was completed. (0x12B)
[0103/120756.100:ERROR:process_reader_win.cc(242)] ReadMemory at 0x3293070 of 72 bytes failed: Only part of a ReadProcessMemory or WriteProcessMemory request was completed. (0x12B)
[0103/120756.100:ERROR:process_reader_win.cc(242)] ReadMemory at 0x32931d8 of 72 bytes failed: Only part of a ReadProcessMemory or WriteProcessMemory request was completed. (0x12B)
[0103/120756.100:ERROR:process_reader_win.cc(242)] ReadMemory at 0x32932c0 of 68 bytes failed: Only part of a ReadProcessMemory or WriteProcessMemory request was completed. (0x12B)
[0103/120756.100:ERROR:process_reader_win.cc(242)] ReadMemory at 0x3295dc8 of 72 bytes failed: Only part of a ReadProcessMemory or WriteProcessMemory request was completed. (0x12B)
[0103/120756.100:ERROR:process_reader_win.cc(242)] ReadMemory at 0x3295f08 of 72 bytes failed: Only part of a ReadProcessMemory or WriteProcessMemory request was completed. (0x12B)
[0103/120756.101:ERROR:process_reader_win.cc(242)] ReadMemory at 0x3295fb8 of 62 bytes failed: Only part of a ReadProcessMemory or WriteProcessMemory request was completed. (0x12B)
[0103/120756.101:ERROR:process_reader_win.cc(242)] ReadMemory at 0x32961f8 of 72 bytes failed: Only part of a ReadProcessMemory or WriteProcessMemory request was completed. (0x12B)
[0103/120756.101:ERROR:process_reader_win.cc(242)] ReadMemory at 0x32962e0 of 60 bytes failed: Only part of a ReadProcessMemory or WriteProcessMemory request was completed. (0x12B)
[0103/120756.101:ERROR:process_reader_win.cc(242)] ReadMemory at 0x32977a0 of 72 bytes failed: Only part of a ReadProcessMemory or WriteProcessMemory request was completed. (0x12B)
[0103/120756.101:ERROR:process_reader_win.cc(242)] ReadMemory at 0x3297888 of 64 bytes failed: Only part of a ReadProcessMemory or WriteProcessMemory request was completed. (0x12B)
[0103/120756.101:ERROR:process_reader_win.cc(242)] ReadMemory at 0x3297a10 of 72 bytes failed: Only part of a ReadProcessMemory or WriteProcessMemory request was completed. (0x12B)
[0103/120756.101:ERROR:process_reader_win.cc(242)] ReadMemory at 0x3297af8 of 64 bytes failed: Only part of a ReadProcessMemory or WriteProcessMemory request was completed. (0x12B)
[0103/120756.101:ERROR:process_reader_win.cc(242)] ReadMemory at 0x3297c88 of 72 bytes failed: Only part of a ReadProcessMemory or WriteProcessMemory request was completed. (0x12B)
[0103/120756.101:ERROR:process_reader_win.cc(242)] ReadMemory at 0x3297d70 of 60 bytes failed: Only part of a ReadProcessMemory or WriteProcessMemory request was completed. (0x12B)
[0103/120756.101:ERROR:process_reader_win.cc(242)] ReadMemory at 0x3297f40 of 72 bytes failed: Only part of a ReadProcessMemory or WriteProcessMemory request was completed. (0x12B)
[0103/120756.101:ERROR:process_reader_win.cc(242)] ReadMemory at 0x3298028 of 60 bytes failed: Only part of a ReadProcessMemory or WriteProcessMemory request was completed. (0x12B)
[0103/120756.101:ERROR:process_reader_win.cc(242)] ReadMemory at 0x3298190 of 72 bytes failed: Only part of a ReadProcessMemory or WriteProcessMemory request was completed. (0x12B)
[0103/120756.101:ERROR:process_reader_win.cc(242)] ReadMemory at 0x3298278 of 62 bytes failed: Only part of a ReadProcessMemory or WriteProcessMemory request was completed. (0x12B)
[0103/120756.101:ERROR:process_reader_win.cc(242)] ReadMemory at 0x32983d8 of 144 bytes failed: Only part of a ReadProcessMemory or WriteProcessMemory request was completed. (0x12B)
[0103/120756.101:ERROR:process_reader_win.cc(242)] ReadMemory at 0x3298478 of 72 bytes failed: Only part of a ReadProcessMemory or WriteProcessMemory request was completed. (0x12B)
[0103/120756.101:ERROR:process_reader_win.cc(242)] ReadMemory at 0x329b558 of 72 bytes failed: Only part of a ReadProcessMemory or WriteProcessMemory request was completed. (0x12B)
[0103/120756.101:ERROR:process_reader_win.cc(242)] ReadMemory at 0x329c250 of 72 bytes failed: Only part of a ReadProcessMemory or WriteProcessMemory request was completed. (0x12B)
[0103/120756.101:ERROR:process_reader_win.cc(242)] ReadMemory at 0x329c300 of 64 bytes failed: Only part of a ReadProcessMemory or WriteProcessMemory request was completed. (0x12B)
[0103/120756.101:ERROR:process_reader_win.cc(242)] ReadMemory at 0x329c498 of 72 bytes failed: Only part of a ReadProcessMemory or WriteProcessMemory request was completed. (0x12B)
[0103/120756.101:ERROR:process_reader_win.cc(242)] ReadMemory at 0x329c548 of 62 bytes failed: Only part of a ReadProcessMemory or WriteProcessMemory request was completed. (0x12B)
[0103/120756.101:ERROR:process_reader_win.cc(242)] ReadMemory at 0x329c590 of 242 bytes failed: Only part of a ReadProcessMemory or WriteProcessMemory request was completed. (0x12B)
[0103/120756.101:ERROR:process_reader_win.cc(242)] ReadMemory at 0x329c6d8 of 72 bytes failed: Only part of a ReadProcessMemory or WriteProcessMemory request was completed. (0x12B)
[0103/120756.101:ERROR:process_reader_win.cc(242)] ReadMemory at 0x329c788 of 72 bytes failed: Only part of a ReadProcessMemory or WriteProcessMemory request was completed. (0x12B)
[0103/120756.101:ERROR:process_reader_win.cc(242)] ReadMemory at 0x329c838 of 72 bytes failed: Only part of a ReadProcessMemory or WriteProcessMemory request was completed. (0x12B)
[0103/120756.101:ERROR:process_reader_win.cc(242)] ReadMemory at 0x329c8e8 of 72 bytes failed: Only part of a ReadProcessMemory or WriteProcessMemory request was completed. (0x12B)
[0103/120756.101:ERROR:process_reader_win.cc(242)] ReadMemory at 0x329c998 of 72 bytes failed: Only part of a ReadProcessMemory or WriteProcessMemory request was completed. (0x12B)
[0103/120756.101:ERROR:process_reader_win.cc(242)] ReadMemory at 0x329ca48 of 72 bytes failed: Only part of a ReadProcessMemory or WriteProcessMemory request was completed. (0x12B)
[0103/120756.101:ERROR:process_reader_win.cc(242)] ReadMemory at 0x329caf8 of 72 bytes failed: Only part of a ReadProcessMemory or WriteProcessMemory request was completed. (0x12B)
[0103/120756.101:ERROR:process_reader_win.cc(242)] ReadMemory at 0x329cba8 of 72 bytes failed: Only part of a ReadProcessMemory or WriteProcessMemory request was completed. (0x12B)
[0103/120756.101:ERROR:process_reader_win.cc(242)] ReadMemory at 0x329cc58 of 72 bytes failed: Only part of a ReadProcessMemory or WriteProcessMemory request was completed. (0x12B)
[0103/120756.101:ERROR:process_reader_win.cc(242)] ReadMemory at 0x329cd08 of 72 bytes failed: Only part of a ReadProcessMemory or WriteProcessMemory request was completed. (0x12B)
[0103/120756.102:ERROR:process_reader_win.cc(242)] ReadMemory at 0x329cdb8 of 72 bytes failed: Only part of a ReadProcessMemory or WriteProcessMemory request was completed. (0x12B)
[0103/120756.102:ERROR:process_reader_win.cc(242)] ReadMemory at 0x329ce68 of 72 bytes failed: Only part of a ReadProcessMemory or WriteProcessMemory request was completed. (0x12B)
[0103/120756.102:ERROR:process_reader_win.cc(242)] ReadMemory at 0x329cf18 of 72 bytes failed: Only part of a ReadProcessMemory or WriteProcessMemory request was completed. (0x12B)
[0103/120756.102:ERROR:process_reader_win.cc(242)] ReadMemory at 0x329cfc8 of 72 bytes failed: Only part of a ReadProcessMemory or WriteProcessMemory request was completed. (0x12B)
[0103/120756.102:ERROR:process_reader_win.cc(242)] ReadMemory at 0x329d078 of 72 bytes failed: Only part of a ReadProcessMemory or WriteProcessMemory request was completed. (0x12B)
[0103/120756.102:ERROR:process_reader_win.cc(242)] ReadMemory at 0x329d128 of 72 bytes failed: Only part of a ReadProcessMemory or WriteProcessMemory request was completed. (0x12B)
[0103/120756.102:ERROR:process_reader_win.cc(242)] ReadMemory at 0x329d1d8 of 72 bytes failed: Only part of a ReadProcessMemory or WriteProcessMemory request was completed. (0x12B)
[0103/120756.102:ERROR:process_reader_win.cc(242)] ReadMemory at 0x329d288 of 72 bytes failed: Only part of a ReadProcessMemory or WriteProcessMemory request was completed. (0x12B)
[0103/120756.102:ERROR:process_reader_win.cc(242)] ReadMemory at 0x329d338 of 72 bytes failed: Only part of a ReadProcessMemory or WriteProcessMemory request was completed. (0x12B)
[0103/120756.102:ERROR:process_reader_win.cc(242)] ReadMemory at 0x329d3e8 of 72 bytes failed: Only part of a ReadProcessMemory or WriteProcessMemory request was completed. (0x12B)
[0103/120756.102:ERROR:process_reader_win.cc(242)] ReadMemory at 0x329d498 of 72 bytes failed: Only part of a ReadProcessMemory or WriteProcessMemory request was completed. (0x12B)
[0103/120756.102:ERROR:process_reader_win.cc(242)] ReadMemory at 0x329d548 of 72 bytes failed: Only part of a ReadProcessMemory or WriteProcessMemory request was completed. (0x12B)
[0103/120756.102:ERROR:process_reader_win.cc(242)] ReadMemory at 0x329d6b8 of 62 bytes failed: Only part of a ReadProcessMemory or WriteProcessMemory request was completed. (0x12B)
[0103/120756.102:ERROR:process_reader_win.cc(242)] ReadMemory at 0x329d848 of 58 bytes failed: Only part of a ReadProcessMemory or WriteProcessMemory request was completed. (0x12B)
[0103/120756.102:ERROR:process_reader_win.cc(242)] ReadMemory at 0x329d948 of 66 bytes failed: Only part of a ReadProcessMemory or WriteProcessMemory request was completed. (0x12B)
[0103/120756.102:ERROR:process_reader_win.cc(242)] ReadMemory at 0x329da28 of 66 bytes failed: Only part of a ReadProcessMemory or WriteProcessMemory request was completed. (0x12B)
[0103/120756.102:ERROR:process_reader_win.cc(242)] ReadMemory at 0x329db78 of 60 bytes failed: Only part of a ReadProcessMemory or WriteProcessMemory request was completed. (0x12B)
[0103/120756.102:ERROR:process_reader_win.cc(242)] ReadMemory at 0x329dcf0 of 60 bytes failed: Only part of a ReadProcessMemory or WriteProcessMemory request was completed. (0x12B)
[0103/120756.102:ERROR:process_reader_win.cc(242)] ReadMemory at 0x329e208 of 76 bytes failed: Only part of a ReadProcessMemory or WriteProcessMemory request was completed. (0x12B)
[0103/120756.102:ERROR:process_reader_win.cc(242)] ReadMemory at 0x329e340 of 62 bytes failed: Only part of a ReadProcessMemory or WriteProcessMemory request was completed. (0x12B)
[0103/120756.102:ERROR:process_reader_win.cc(242)] ReadMemory at 0x329e4b0 of 64 bytes failed: Only part of a ReadProcessMemory or WriteProcessMemory request was completed. (0x12B)
[0103/120756.102:ERROR:process_reader_win.cc(242)] ReadMemory at 0x329e608 of 60 bytes failed: Only part of a ReadProcessMemory or WriteProcessMemory request was completed. (0x12B)
[0103/120756.102:ERROR:process_reader_win.cc(242)] ReadMemory at 0x329f0d0 of 58 bytes failed: Only part of a ReadProcessMemory or WriteProcessMemory request was completed. (0x12B)
[0103/120756.102:ERROR:process_reader_win.cc(242)] ReadMemory at 0x329f140 of 140 bytes failed: Only part of a ReadProcessMemory or WriteProcessMemory request was completed. (0x12B)
[0103/120756.102:ERROR:process_reader_win.cc(242)] ReadMemory at 0x329f740 of 66 bytes failed: Only part of a ReadProcessMemory or WriteProcessMemory request was completed. (0x12B)
[0103/120756.102:ERROR:process_reader_win.cc(242)] ReadMemory at 0x329f820 of 62 bytes failed: Only part of a ReadProcessMemory or WriteProcessMemory request was completed. (0x12B)
[0103/120756.102:ERROR:process_reader_win.cc(242)] ReadMemory at 0x329f8b0 of 58 bytes failed: Only part of a ReadProcessMemory or WriteProcessMemory request was completed. (0x12B)
[0103/120756.102:ERROR:process_reader_win.cc(242)] ReadMemory at 0x329f9d0 of 62 bytes failed: Only part of a ReadProcessMemory or WriteProcessMemory request was completed. (0x12B)
[0103/120756.102:ERROR:process_reader_win.cc(242)] ReadMemory at 0x329fa18 of 62 bytes failed: Only part of a ReadProcessMemory or WriteProcessMemory request was completed. (0x12B)
[0103/120756.102:ERROR:process_reader_win.cc(242)] ReadMemory at 0x329fa60 of 60 bytes failed: Only part of a ReadProcessMemory or WriteProcessMemory request was completed. (0x12B)
[0103/120756.102:ERROR:process_reader_win.cc(242)] ReadMemory at 0x329faa8 of 62 bytes failed: Only part of a ReadProcessMemory or WriteProcessMemory request was completed. (0x12B)
[0103/120756.102:ERROR:process_reader_win.cc(242)] ReadMemory at 0x329faf0 of 62 bytes failed: Only part of a ReadProcessMemory or WriteProcessMemory request was completed. (0x12B)
[0103/120756.103:ERROR:process_reader_win.cc(242)] ReadMemory at 0x329fb80 of 58 bytes failed: Only part of a ReadProcessMemory or WriteProcessMemory request was completed. (0x12B)
[0103/120756.103:ERROR:process_reader_win.cc(242)] ReadMemory at 0x329fc10 of 60 bytes failed: Only part of a ReadProcessMemory or WriteProcessMemory request was completed. (0x12B)
[0103/120756.103:ERROR:process_reader_win.cc(242)] ReadMemory at 0x329fc58 of 58 bytes failed: Only part of a ReadProcessMemory or WriteProcessMemory request was completed. (0x12B)
[0103/120756.103:ERROR:process_reader_win.cc(242)] ReadMemory at 0x329fce8 of 60 bytes failed: Only part of a ReadProcessMemory or WriteProcessMemory request was completed. (0x12B)
[0103/120756.103:ERROR:process_reader_win.cc(242)] ReadMemory at 0x329fd30 of 60 bytes failed: Only part of a ReadProcessMemory or WriteProcessMemory request was completed. (0x12B)
[0103/120756.103:ERROR:process_reader_win.cc(242)] ReadMemory at 0x329fd78 of 62 bytes failed: Only part of a ReadProcessMemory or WriteProcessMemory request was completed. (0x12B)
[0103/120756.103:ERROR:process_reader_win.cc(242)] ReadMemory at 0x329fdc0 of 62 bytes failed: Only part of a ReadProcessMemory or WriteProcessMemory request was completed. (0x12B)
[0103/120756.103:ERROR:process_reader_win.cc(242)] ReadMemory at 0x329fe08 of 60 bytes failed: Only part of a ReadProcessMemory or WriteProcessMemory request was completed. (0x12B)
[0103/120756.103:ERROR:process_reader_win.cc(242)] ReadMemory at 0x329fe50 of 58 bytes failed: Only part of a ReadProcessMemory or WriteProcessMemory request was completed. (0x12B)
[0103/120756.103:ERROR:process_reader_win.cc(242)] ReadMemory at 0x329fee0 of 60 bytes failed: Only part of a ReadProcessMemory or WriteProcessMemory request was completed. (0x12B)
[0103/120756.103:ERROR:process_reader_win.cc(242)] ReadMemory at 0x329ff70 of 56 bytes failed: Only part of a ReadProcessMemory or WriteProcessMemory request was completed. (0x12B)
[0103/120756.103:ERROR:process_reader_win.cc(242)] ReadMemory at 0x32a0718 of 66 bytes failed: Only part of a ReadProcessMemory or WriteProcessMemory request was completed. (0x12B)
[0103/120756.103:ERROR:process_reader_win.cc(242)] ReadMemory at 0x32a6340 of 64 bytes failed: Only part of a ReadProcessMemory or WriteProcessMemory request was completed. (0x12B)
[0103/120756.103:ERROR:process_reader_win.cc(242)] ReadMemory at 0x32a6660 of 64 bytes failed: Only part of a ReadProcessMemory or WriteProcessMemory request was completed. (0x12B)
[0103/120756.103:ERROR:process_reader_win.cc(242)] ReadMemory at 0x32a66b0 of 64 bytes failed: Only part of a ReadProcessMemory or WriteProcessMemory request was completed. (0x12B)
[0103/120756.103:ERROR:process_reader_win.cc(242)] ReadMemory at 0x32a6700 of 64 bytes failed: Only part of a ReadProcessMemory or WriteProcessMemory request was completed. (0x12B)
[0103/120756.103:ERROR:process_reader_win.cc(242)] ReadMemory at 0x32a6840 of 64 bytes failed: Only part of a ReadProcessMemory or WriteProcessMemory request was completed. (0x12B)
[0103/120756.103:ERROR:process_reader_win.cc(242)] ReadMemory at 0x32a69d0 of 64 bytes failed: Only part of a ReadProcessMemory or WriteProcessMemory request was completed. (0x12B)
[0103/120756.103:ERROR:process_reader_win.cc(242)] ReadMemory at 0x32a6a20 of 64 bytes failed: Only part of a ReadProcessMemory or WriteProcessMemory request was completed. (0x12B)
[0103/120756.103:ERROR:process_reader_win.cc(242)] ReadMemory at 0x32a9fa0 of 54 bytes failed: Only part of a ReadProcessMemory or WriteProcessMemory request was completed. (0x12B)
[0103/120756.103:ERROR:process_reader_win.cc(242)] ReadMemory at 0x32ab610 of 960 bytes failed: Only part of a ReadProcessMemory or WriteProcessMemory request was completed. (0x12B)
[0103/120756.103:ERROR:process_reader_win.cc(242)] ReadMemory at 0x32ac950 of 72 bytes failed: Only part of a ReadProcessMemory or WriteProcessMemory request was completed. (0x12B)
[0103/120756.103:ERROR:process_reader_win.cc(242)] ReadMemory at 0x32aca00 of 72 bytes failed: Only part of a ReadProcessMemory or WriteProcessMemory request was completed. (0x12B)
[0103/120756.103:ERROR:process_reader_win.cc(242)] ReadMemory at 0x32acab0 of 72 bytes failed: Only part of a ReadProcessMemory or WriteProcessMemory request was completed. (0x12B)
[0103/120756.103:ERROR:process_reader_win.cc(242)] ReadMemory at 0x32acb60 of 72 bytes failed: Only part of a ReadProcessMemory or WriteProcessMemory request was completed. (0x12B)
[0103/120756.103:ERROR:process_reader_win.cc(242)] ReadMemory at 0x32acc10 of 72 bytes failed: Only part of a ReadProcessMemory or WriteProcessMemory request was completed. (0x12B)
[0103/120756.103:ERROR:process_reader_win.cc(242)] ReadMemory at 0x32accc0 of 72 bytes failed: Only part of a ReadProcessMemory or WriteProcessMemory request was completed. (0x12B)
[0103/120756.103:ERROR:process_reader_win.cc(242)] ReadMemory at 0x32acd70 of 72 bytes failed: Only part of a ReadProcessMemory or WriteProcessMemory request was completed. (0x12B)
[0103/120756.103:ERROR:process_reader_win.cc(242)] ReadMemory at 0x32ace20 of 72 bytes failed: Only part of a ReadProcessMemory or WriteProcessMemory request was completed. (0x12B)
[0103/120756.103:ERROR:process_reader_win.cc(242)] ReadMemory at 0x32acf80 of 72 bytes failed: Only part of a ReadProcessMemory or WriteProcessMemory request was completed. (0x12B)
[0103/120756.103:ERROR:process_reader_win.cc(242)] ReadMemory at 0x32ad190 of 72 bytes failed: Only part of a ReadProcessMemory or WriteProcessMemory request was completed. (0x12B)
[0103/120756.103:ERROR:process_reader_win.cc(242)] ReadMemory at 0x32ad240 of 72 bytes failed: Only part of a ReadProcessMemory or WriteProcessMemory request was completed. (0x12B)
[0103/120756.104:ERROR:process_reader_win.cc(242)] ReadMemory at 0x32ad2f0 of 72 bytes failed: Only part of a ReadProcessMemory or WriteProcessMemory request was completed. (0x12B)
[0103/120756.104:ERROR:process_reader_win.cc(242)] ReadMemory at 0x32ad3a0 of 72 bytes failed: Only part of a ReadProcessMemory or WriteProcessMemory request was completed. (0x12B)
[0103/120756.104:ERROR:process_reader_win.cc(242)] ReadMemory at 0x32ad450 of 72 bytes failed: Only part of a ReadProcessMemory or WriteProcessMemory request was completed. (0x12B)
[0103/120756.104:ERROR:process_reader_win.cc(242)] ReadMemory at 0x32ad500 of 72 bytes failed: Only part of a ReadProcessMemory or WriteProcessMemory request was completed. (0x12B)
[0103/120756.104:ERROR:process_reader_win.cc(242)] ReadMemory at 0x32ad5b0 of 72 bytes failed: Only part of a ReadProcessMemory or WriteProcessMemory request was completed. (0x12B)
[0103/120756.104:ERROR:process_reader_win.cc(242)] ReadMemory at 0x32ad660 of 72 bytes failed: Only part of a ReadProcessMemory or WriteProcessMemory request was completed. (0x12B)
[0103/120756.104:ERROR:process_reader_win.cc(242)] ReadMemory at 0x32ad710 of 72 bytes failed: Only part of a ReadProcessMemory or WriteProcessMemory request was completed. (0x12B)
[0103/120756.104:ERROR:process_reader_win.cc(242)] ReadMemory at 0x32ad7c0 of 72 bytes failed: Only part of a ReadProcessMemory or WriteProcessMemory request was completed. (0x12B)
[0103/120756.104:ERROR:process_reader_win.cc(242)] ReadMemory at 0x32adb30 of 72 bytes failed: Only part of a ReadProcessMemory or WriteProcessMemory request was completed. (0x12B)
[0103/120756.104:ERROR:process_reader_win.cc(242)] ReadMemory at 0x32afc80 of 62 bytes failed: Only part of a ReadProcessMemory or WriteProcessMemory request was completed. (0x12B)
[0103/120756.104:ERROR:process_reader_win.cc(242)] ReadMemory at 0x32b6990 of 512 bytes failed: Only part of a ReadProcessMemory or WriteProcessMemory request was completed. (0x12B)
[0103/120756.104:ERROR:process_reader_win.cc(242)] ReadMemory at 0x32c1f78 of 512 bytes failed: Only part of a ReadProcessMemory or WriteProcessMemory request was completed. (0x12B)
[0103/120756.104:ERROR:process_reader_win.cc(242)] ReadMemory at 0x37f3170 of 600 bytes failed: Only part of a ReadProcessMemory or WriteProcessMemory request was completed. (0x12B)
[0103/120756.104:ERROR:process_reader_win.cc(242)] ReadMemory at 0x60204c0 of 512 bytes failed: Only part of a ReadProcessMemory or WriteProcessMemory request was completed. (0x12B)
[0103/120756.104:ERROR:process_reader_win.cc(242)] ReadMemory at 0x7452ca62 of 512 bytes failed: Only part of a ReadProcessMemory or WriteProcessMemory request was completed. (0x12B)
[0103/120756.104:ERROR:process_reader_win.cc(242)] ReadMemory at 0x776f8da4 of 18 bytes failed: Only part of a ReadProcessMemory or WriteProcessMemory request was completed. (0x12B)
[0103/120756.104:ERROR:process_reader_win.cc(242)] ReadMemory at 0x77780b00 of 512 bytes failed: Only part of a ReadProcessMemory or WriteProcessMemory request was completed. (0x12B)
[0103/120756.104:ERROR:process_reader_win.cc(242)] ReadMemory at 0x778043f0 of 24 bytes failed: Only part of a ReadProcessMemory or WriteProcessMemory request was completed. (0x12B)
[0103/120756.104:ERROR:process_reader_win.cc(242)] ReadMemory at 0x77804744 of 32 bytes failed: Only part of a ReadProcessMemory or WriteProcessMemory request was completed. (0x12B)
[0103/120756.104:ERROR:process_reader_win.cc(242)] ReadMemory at 0x77806b00 of 36 bytes failed: Only part of a ReadProcessMemory or WriteProcessMemory request was completed. (0x12B)
[0103/120756.148:ERROR:scoped_process_suspend.cc(40)] NtResumeProcess: An attempt was made to access an exiting process. (0xc000010a)
[0103/141112.066:ERROR:filesystem_win.cc(148)] DeleteFile C:\Users\Noname\AppData\Local\Temp\scoped_dir94880_32287\Crashpad\reports\8d0b90f6-0225-4407-adf9-1e8fdd583ddf.dmp: The process cannot access the file because it is being used by another process. (0x20)
