#
# A fatal error has been detected by the Java Runtime Environment:
#
#  EXCEPTION_ACCESS_VIOLATION (0xc0000005) at pc=0x6cef2924, pid=7744, tid=7116
#
# JRE version: Java(TM) SE Runtime Environment (8.0_66-b18) (build 1.8.0_66-b18)
# Java VM: Java HotSpot(TM) Client VM (25.66-b18 mixed mode, sharing windows-x86 )
# Problematic frame:
# V  [jvm.dll+0xd2924]
#
# Failed to write core dump. Minidumps are not enabled by default on client versions of Windows
#
# If you would like to submit a bug report, please visit:
#   http://bugreport.java.com/bugreport/crash.jsp
#

---------------  T H R E A D  ---------------

Current thread (0x00f1cc00):  JavaThread "main" [_thread_in_vm, id=7116, stack(0x00e50000,0x00ea0000)]

siginfo: ExceptionCode=0xc0000005, reading address 0x00000000

Registers:
EAX=0x000003ec, EBX=0x00f1cee0, ECX=0x00000000, EDX=0x14003090
ESP=0x00e9e3ac, EBP=0x00e9e4e0, ESI=0x00000000, EDI=0x00f113d0
EIP=0x6cef2924, EFLAGS=0x00010246

Top of Stack: (sp=0x00e9e3ac)
0x00e9e3ac:   00f113d0 00f1cc00 6cea2329 00000416
0x00e9e3bc:   00f1cc00 00000000 00e9e3c4 00e9e410
0x00e9e3cc:   01cd43b4 00000000 00000352 00e9e574
0x00e9e3dc:   01f35bc8 045c8c60 00000000 04555d50
0x00e9e3ec:   04551cf8 00e9e3f0 00f1cee8 00f1d2d4
0x00e9e3fc:   000003ec 00000000 00000000 14003090
0x00e9e40c:   00000000 00008c60 01cd4040 00e9e44c
0x00e9e41c:   01cd4040 01cd4314 01cd4040 00000001 

Instructions: (pc=0x6cef2924)
0x6cef2904:   5f 5d c2 08 00 8b 45 08 5f 5d c2 08 00 cc cc cc
0x6cef2914:   cc cc cc cc cc cc cc cc cc cc cc cc 56 57 8b f1
0x6cef2924:   0f b7 3e 47 6a 00 57 e8 20 0e fd ff 83 c4 08 85
0x6cef2934:   ff 7e 2a 0f b7 0e 8d 57 ff 3b d1 7c 02 8b d1 33 


Register to memory mapping:

EAX=0x000003ec is an unknown value
EBX=0x00f1cee0 is an unknown value
ECX=0x00000000 is an unknown value
EDX=0x14003090 is pointing into metadata
ESP=0x00e9e3ac is pointing into the stack for thread: 0x00f1cc00
EBP=0x00e9e4e0 is pointing into the stack for thread: 0x00f1cc00
ESI=0x00000000 is an unknown value
EDI=0x00f113d0 is an unknown value


Stack: [0x00e50000,0x00ea0000],  sp=0x00e9e3ac,  free space=312k
Native frames: (J=compiled Java code, j=interpreted, Vv=VM code, C=native code)
V  [jvm.dll+0xd2924]
V  [jvm.dll+0x832ea]
V  [jvm.dll+0x7ebe7]
j  com.sun.org.apache.xerces.internal.impl.XMLEntityScanner.skipSpaces()Z+227
j  com.sun.org.apache.xerces.internal.impl.XMLScanner.scanXMLDeclOrTextDecl(Z[Ljava/lang/String;)V+30
j  com.sun.org.apache.xerces.internal.impl.XMLDocumentFragmentScannerImpl.scanXMLDeclOrTextDecl(Z)V+6
j  com.sun.org.apache.xerces.internal.impl.XMLDocumentScannerImpl$XMLDeclDriver.next()I+217
J 13517 C1 com.sun.org.apache.xerces.internal.impl.XMLNSDocumentScannerImpl.next()I (39 bytes) @ 0x01dffe68 [0x01dffdd0+0x98]
j  com.sun.org.apache.xerces.internal.impl.XMLStreamReaderImpl.setInputSource(Lcom/sun/org/apache/xerces/internal/xni/parser/XMLInputSource;)V+25
j  com.sun.org.apache.xerces.internal.impl.XMLStreamReaderImpl.<init>(Lcom/sun/org/apache/xerces/internal/xni/parser/XMLInputSource;Lcom/sun/org/apache/xerces/internal/impl/PropertyManager;)V+116
j  com.sun.xml.internal.stream.XMLInputFactoryImpl.getXMLStreamReaderImpl(Lcom/sun/org/apache/xerces/internal/xni/parser/XMLInputSource;)Ljavax/xml/stream/XMLStreamReader;+108
j  com.sun.xml.internal.stream.XMLInputFactoryImpl.createXMLStreamReader(Ljava/lang/String;Ljava/io/Reader;)Ljavax/xml/stream/XMLStreamReader;+15
j  com.sun.xml.ws.api.streaming.XMLStreamReaderFactory$NoLock.doCreate(Ljava/lang/String;Ljava/io/Reader;Z)Ljavax/xml/stream/XMLStreamReader;+6
j  com.sun.xml.ws.api.streaming.XMLStreamReaderFactory$Default.doCreate(Ljava/lang/String;Ljava/io/Reader;Z)Ljavax/xml/stream/XMLStreamReader;+4
j  com.sun.xml.ws.api.streaming.XMLStreamReaderFactory.doCreate(Ljava/lang/String;Ljava/io/InputStream;Ljava/lang/String;Z)Ljavax/xml/stream/XMLStreamReader;+41
j  com.sun.xml.ws.api.streaming.XMLStreamReaderFactory.create(Ljava/lang/String;Ljava/io/InputStream;Ljava/lang/String;Z)Ljavax/xml/stream/XMLStreamReader;+20
j  com.sun.xml.ws.encoding.StreamSOAPCodec.decode(Ljava/io/InputStream;Ljava/lang/String;Lcom/sun/xml/ws/api/message/Packet;Lcom/sun/xml/ws/api/message/AttachmentSet;)V+48
j  com.sun.xml.ws.encoding.StreamSOAPCodec.decode(Ljava/io/InputStream;Ljava/lang/String;Lcom/sun/xml/ws/api/message/Packet;)V+11
j  com.sun.xml.ws.encoding.SOAPBindingCodec.decode(Ljava/io/InputStream;Ljava/lang/String;Lcom/sun/xml/ws/api/message/Packet;)V+99
j  com.sun.xml.ws.transport.http.client.HttpTransportPipe.process(Lcom/sun/xml/ws/api/message/Packet;)Lcom/sun/xml/ws/api/message/Packet;+553
j  com.sun.xml.ws.transport.http.client.HttpTransportPipe.processRequest(Lcom/sun/xml/ws/api/message/Packet;)Lcom/sun/xml/ws/api/pipe/NextAction;+3
J 11678 C1 com.sun.xml.ws.api.pipe.Fiber.__doRun(Lcom/sun/xml/ws/api/pipe/Tube;)Lcom/sun/xml/ws/api/pipe/Tube; (615 bytes) @ 0x0232a598 [0x02329d80+0x818]
j  com.sun.xml.ws.api.pipe.Fiber._doRun(Lcom/sun/xml/ws/api/pipe/Tube;)Lcom/sun/xml/ws/api/pipe/Tube;+31
j  com.sun.xml.ws.api.pipe.Fiber.doRun(Lcom/sun/xml/ws/api/pipe/Tube;)Lcom/sun/xml/ws/api/pipe/Tube;+84
j  com.sun.xml.ws.api.pipe.Fiber.runSync(Lcom/sun/xml/ws/api/pipe/Tube;Lcom/sun/xml/ws/api/message/Packet;)Lcom/sun/xml/ws/api/message/Packet;+48
j  com.sun.xml.ws.client.Stub.process(Lcom/sun/xml/ws/api/message/Packet;Lcom/sun/xml/ws/client/RequestContext;Lcom/sun/xml/ws/client/ResponseContextReceiver;)Lcom/sun/xml/ws/api/message/Packet;+51
j  com.sun.xml.ws.client.sei.SEIStub.doProcess(Lcom/sun/xml/ws/api/message/Packet;Lcom/sun/xml/ws/client/RequestContext;Lcom/sun/xml/ws/client/ResponseContextReceiver;)Lcom/sun/xml/ws/api/message/Packet;+4
j  com.sun.xml.ws.client.sei.SyncMethodHandler.invoke(Ljava/lang/Object;[Ljava/lang/Object;Lcom/sun/xml/ws/client/RequestContext;Lcom/sun/xml/ws/client/ResponseContextReceiver;)Ljava/lang/Object;+64
j  com.sun.xml.ws.client.sei.SyncMethodHandler.invoke(Ljava/lang/Object;[Ljava/lang/Object;)Ljava/lang/Object;+14
j  com.sun.xml.ws.client.sei.SEIStub.invoke(Ljava/lang/Object;Ljava/lang/reflect/Method;[Ljava/lang/Object;)Ljava/lang/Object;+24
j  com.sun.proxy.$Proxy33.getItem(Lcom/ebay/soap/eBLBaseComponents/GetItemRequestType;)Lcom/ebay/soap/eBLBaseComponents/GetItemResponseType;+16
v  ~StubRoutines::call_stub
V  [jvm.dll+0x158ba5]
V  [jvm.dll+0x21e12e]
V  [jvm.dll+0x158c3e]
V  [jvm.dll+0x165488]
V  [jvm.dll+0x1656f3]
V  [jvm.dll+0x102543]
C  [java.dll+0x3b26]
j  sun.reflect.NativeMethodAccessorImpl.invoke(Ljava/lang/Object;[Ljava/lang/Object;)Ljava/lang/Object;+100
J 767 C1 sun.reflect.DelegatingMethodAccessorImpl.invoke(Ljava/lang/Object;[Ljava/lang/Object;)Ljava/lang/Object; (10 bytes) @ 0x01e97840 [0x01e97810+0x30]
J 766 C1 java.lang.reflect.Method.invoke(Ljava/lang/Object;[Ljava/lang/Object;)Ljava/lang/Object; (62 bytes) @ 0x01e9757c [0x01e974c0+0xbc]
j  com.ebay.sdk.ApiCall.callSOAP(Lcom/ebay/soap/eBLBaseComponents/EBayAPIInterface;Ljava/lang/String;Lcom/ebay/soap/eBLBaseComponents/AbstractRequestType;)Lcom/ebay/soap/eBLBaseComponents/AbstractResponseType;+102
j  com.ebay.sdk.ApiCall.executeByApiName(Ljava/lang/String;Lcom/ebay/soap/eBLBaseComponents/AbstractRequestType;)Lcom/ebay/soap/eBLBaseComponents/AbstractResponseType;+217
j  com.ebay.sdk.ApiCall.execute(Lcom/ebay/soap/eBLBaseComponents/AbstractRequestType;)Lcom/ebay/soap/eBLBaseComponents/AbstractResponseType;+60
j  com.ebay.sdk.call.GetItemCall.getItem()Lcom/ebay/soap/eBLBaseComponents/ItemType;+168
j  Ebay.SalesRecord.BestMatchCode(Ljava/lang/String;)Ljava/lang/String;+61
j  Ebay.SalesRecord.SalesRecordMain(Ljava/lang/String;)V+17
j  Amazon.AmazonOrder.Order_on_amazon(Lcom/ebay/soap/eBLBaseComponents/OrderType;Ljava/lang/String;LAmazon/Order_report;)LAmazon/Order_report;+3495
J 3793 C1 Ebay.OrdersInfo.Get_Orders_Info()V (721 bytes) @ 0x023325c4 [0x02331b90+0xa34]
j  Main.Main.main([Ljava/lang/String;)V+28
v  ~StubRoutines::call_stub
V  [jvm.dll+0x158ba5]
V  [jvm.dll+0x21e12e]
V  [jvm.dll+0x158c3e]
V  [jvm.dll+0xdae57]
V  [jvm.dll+0xe33ef]
C  [javaw.exe+0x229a]
C  [javaw.exe+0xaebf]
C  [javaw.exe+0xaf49]
C  [KERNEL32.DLL+0x19ba4]
C  [ntdll.dll+0x6ac9b]
C  [ntdll.dll+0x6ac6f]
C  0x00000000

Java frames: (J=compiled Java code, j=interpreted, Vv=VM code)
j  com.sun.org.apache.xerces.internal.impl.XMLEntityScanner.skipSpaces()Z+227
j  com.sun.org.apache.xerces.internal.impl.XMLScanner.scanXMLDeclOrTextDecl(Z[Ljava/lang/String;)V+30
j  com.sun.org.apache.xerces.internal.impl.XMLDocumentFragmentScannerImpl.scanXMLDeclOrTextDecl(Z)V+6
j  com.sun.org.apache.xerces.internal.impl.XMLDocumentScannerImpl$XMLDeclDriver.next()I+217
J 13517 C1 com.sun.org.apache.xerces.internal.impl.XMLNSDocumentScannerImpl.next()I (39 bytes) @ 0x01dffe68 [0x01dffdd0+0x98]
j  com.sun.org.apache.xerces.internal.impl.XMLStreamReaderImpl.setInputSource(Lcom/sun/org/apache/xerces/internal/xni/parser/XMLInputSource;)V+25
j  com.sun.org.apache.xerces.internal.impl.XMLStreamReaderImpl.<init>(Lcom/sun/org/apache/xerces/internal/xni/parser/XMLInputSource;Lcom/sun/org/apache/xerces/internal/impl/PropertyManager;)V+116
j  com.sun.xml.internal.stream.XMLInputFactoryImpl.getXMLStreamReaderImpl(Lcom/sun/org/apache/xerces/internal/xni/parser/XMLInputSource;)Ljavax/xml/stream/XMLStreamReader;+108
j  com.sun.xml.internal.stream.XMLInputFactoryImpl.createXMLStreamReader(Ljava/lang/String;Ljava/io/Reader;)Ljavax/xml/stream/XMLStreamReader;+15
j  com.sun.xml.ws.api.streaming.XMLStreamReaderFactory$NoLock.doCreate(Ljava/lang/String;Ljava/io/Reader;Z)Ljavax/xml/stream/XMLStreamReader;+6
j  com.sun.xml.ws.api.streaming.XMLStreamReaderFactory$Default.doCreate(Ljava/lang/String;Ljava/io/Reader;Z)Ljavax/xml/stream/XMLStreamReader;+4
j  com.sun.xml.ws.api.streaming.XMLStreamReaderFactory.doCreate(Ljava/lang/String;Ljava/io/InputStream;Ljava/lang/String;Z)Ljavax/xml/stream/XMLStreamReader;+41
j  com.sun.xml.ws.api.streaming.XMLStreamReaderFactory.create(Ljava/lang/String;Ljava/io/InputStream;Ljava/lang/String;Z)Ljavax/xml/stream/XMLStreamReader;+20
j  com.sun.xml.ws.encoding.StreamSOAPCodec.decode(Ljava/io/InputStream;Ljava/lang/String;Lcom/sun/xml/ws/api/message/Packet;Lcom/sun/xml/ws/api/message/AttachmentSet;)V+48
j  com.sun.xml.ws.encoding.StreamSOAPCodec.decode(Ljava/io/InputStream;Ljava/lang/String;Lcom/sun/xml/ws/api/message/Packet;)V+11
j  com.sun.xml.ws.encoding.SOAPBindingCodec.decode(Ljava/io/InputStream;Ljava/lang/String;Lcom/sun/xml/ws/api/message/Packet;)V+99
j  com.sun.xml.ws.transport.http.client.HttpTransportPipe.process(Lcom/sun/xml/ws/api/message/Packet;)Lcom/sun/xml/ws/api/message/Packet;+553
j  com.sun.xml.ws.transport.http.client.HttpTransportPipe.processRequest(Lcom/sun/xml/ws/api/message/Packet;)Lcom/sun/xml/ws/api/pipe/NextAction;+3
J 11678 C1 com.sun.xml.ws.api.pipe.Fiber.__doRun(Lcom/sun/xml/ws/api/pipe/Tube;)Lcom/sun/xml/ws/api/pipe/Tube; (615 bytes) @ 0x0232a598 [0x02329d80+0x818]
j  com.sun.xml.ws.api.pipe.Fiber._doRun(Lcom/sun/xml/ws/api/pipe/Tube;)Lcom/sun/xml/ws/api/pipe/Tube;+31
j  com.sun.xml.ws.api.pipe.Fiber.doRun(Lcom/sun/xml/ws/api/pipe/Tube;)Lcom/sun/xml/ws/api/pipe/Tube;+84
j  com.sun.xml.ws.api.pipe.Fiber.runSync(Lcom/sun/xml/ws/api/pipe/Tube;Lcom/sun/xml/ws/api/message/Packet;)Lcom/sun/xml/ws/api/message/Packet;+48
j  com.sun.xml.ws.client.Stub.process(Lcom/sun/xml/ws/api/message/Packet;Lcom/sun/xml/ws/client/RequestContext;Lcom/sun/xml/ws/client/ResponseContextReceiver;)Lcom/sun/xml/ws/api/message/Packet;+51
j  com.sun.xml.ws.client.sei.SEIStub.doProcess(Lcom/sun/xml/ws/api/message/Packet;Lcom/sun/xml/ws/client/RequestContext;Lcom/sun/xml/ws/client/ResponseContextReceiver;)Lcom/sun/xml/ws/api/message/Packet;+4
j  com.sun.xml.ws.client.sei.SyncMethodHandler.invoke(Ljava/lang/Object;[Ljava/lang/Object;Lcom/sun/xml/ws/client/RequestContext;Lcom/sun/xml/ws/client/ResponseContextReceiver;)Ljava/lang/Object;+64
j  com.sun.xml.ws.client.sei.SyncMethodHandler.invoke(Ljava/lang/Object;[Ljava/lang/Object;)Ljava/lang/Object;+14
j  com.sun.xml.ws.client.sei.SEIStub.invoke(Ljava/lang/Object;Ljava/lang/reflect/Method;[Ljava/lang/Object;)Ljava/lang/Object;+24
j  com.sun.proxy.$Proxy33.getItem(Lcom/ebay/soap/eBLBaseComponents/GetItemRequestType;)Lcom/ebay/soap/eBLBaseComponents/GetItemResponseType;+16
v  ~StubRoutines::call_stub
j  sun.reflect.NativeMethodAccessorImpl.invoke0(Ljava/lang/reflect/Method;Ljava/lang/Object;[Ljava/lang/Object;)Ljava/lang/Object;+0
j  sun.reflect.NativeMethodAccessorImpl.invoke(Ljava/lang/Object;[Ljava/lang/Object;)Ljava/lang/Object;+100
J 767 C1 sun.reflect.DelegatingMethodAccessorImpl.invoke(Ljava/lang/Object;[Ljava/lang/Object;)Ljava/lang/Object; (10 bytes) @ 0x01e97840 [0x01e97810+0x30]
J 766 C1 java.lang.reflect.Method.invoke(Ljava/lang/Object;[Ljava/lang/Object;)Ljava/lang/Object; (62 bytes) @ 0x01e9757c [0x01e974c0+0xbc]
j  com.ebay.sdk.ApiCall.callSOAP(Lcom/ebay/soap/eBLBaseComponents/EBayAPIInterface;Ljava/lang/String;Lcom/ebay/soap/eBLBaseComponents/AbstractRequestType;)Lcom/ebay/soap/eBLBaseComponents/AbstractResponseType;+102
j  com.ebay.sdk.ApiCall.executeByApiName(Ljava/lang/String;Lcom/ebay/soap/eBLBaseComponents/AbstractRequestType;)Lcom/ebay/soap/eBLBaseComponents/AbstractResponseType;+217
j  com.ebay.sdk.ApiCall.execute(Lcom/ebay/soap/eBLBaseComponents/AbstractRequestType;)Lcom/ebay/soap/eBLBaseComponents/AbstractResponseType;+60
j  com.ebay.sdk.call.GetItemCall.getItem()Lcom/ebay/soap/eBLBaseComponents/ItemType;+168
j  Ebay.SalesRecord.BestMatchCode(Ljava/lang/String;)Ljava/lang/String;+61
j  Ebay.SalesRecord.SalesRecordMain(Ljava/lang/String;)V+17
j  Amazon.AmazonOrder.Order_on_amazon(Lcom/ebay/soap/eBLBaseComponents/OrderType;Ljava/lang/String;LAmazon/Order_report;)LAmazon/Order_report;+3495
J 3793 C1 Ebay.OrdersInfo.Get_Orders_Info()V (721 bytes) @ 0x023325c4 [0x02331b90+0xa34]
j  Main.Main.main([Ljava/lang/String;)V+28
v  ~StubRoutines::call_stub

---------------  P R O C E S S  ---------------

Java Threads: ( => current thread )
  0x17c3fc00 JavaThread "Exec Stream Pumper" daemon [_thread_in_native, id=9192, stack(0x203f0000,0x20440000)]
  0x17c3d000 JavaThread "Exec Stream Pumper" daemon [_thread_in_native, id=372, stack(0x203a0000,0x203f0000)]
  0x17d38800 JavaThread "Exec Default Executor" daemon [_thread_in_native, id=10516, stack(0x202b0000,0x20300000)]
  0x1652b000 JavaThread "Exec Stream Pumper" daemon [_thread_in_native, id=9680, stack(0x1f950000,0x1f9a0000)]
  0x17d39400 JavaThread "Exec Stream Pumper" daemon [_thread_in_native, id=5316, stack(0x1f900000,0x1f950000)]
  0x17d37400 JavaThread "Exec Default Executor" daemon [_thread_in_native, id=5772, stack(0x1f810000,0x1f860000)]
  0x17d39000 JavaThread "Exec Stream Pumper" daemon [_thread_in_native, id=812, stack(0x1eb90000,0x1ebe0000)]
  0x17d37000 JavaThread "Exec Stream Pumper" daemon [_thread_in_native, id=6160, stack(0x1eaf0000,0x1eb40000)]
  0x17d39c00 JavaThread "Exec Default Executor" daemon [_thread_in_native, id=10460, stack(0x1ea50000,0x1eaa0000)]
  0x17d36800 JavaThread "Exec Stream Pumper" daemon [_thread_in_native, id=10644, stack(0x1e500000,0x1e550000)]
  0x17d36400 JavaThread "Exec Stream Pumper" daemon [_thread_in_native, id=6296, stack(0x1e4b0000,0x1e500000)]
  0x17afc800 JavaThread "Exec Default Executor" daemon [_thread_in_native, id=2592, stack(0x1e410000,0x1e460000)]
  0x1652a400 JavaThread "Exec Stream Pumper" daemon [_thread_in_native, id=3180, stack(0x1e280000,0x1e2d0000)]
  0x1652d000 JavaThread "Exec Stream Pumper" daemon [_thread_in_native, id=7500, stack(0x1e230000,0x1e280000)]
  0x17afcc00 JavaThread "Exec Default Executor" daemon [_thread_in_native, id=11268, stack(0x1e140000,0x1e190000)]
  0x17af9c00 JavaThread "Exec Stream Pumper" daemon [_thread_in_native, id=4232, stack(0x1d9c0000,0x1da10000)]
  0x17af8800 JavaThread "Exec Stream Pumper" daemon [_thread_in_native, id=9456, stack(0x1d970000,0x1d9c0000)]
  0x17afd400 JavaThread "Exec Default Executor" daemon [_thread_in_native, id=11864, stack(0x1d880000,0x1d8d0000)]
  0x17afec00 JavaThread "Exec Stream Pumper" daemon [_thread_in_native, id=10200, stack(0x1d740000,0x1d790000)]
  0x17af9000 JavaThread "Exec Stream Pumper" daemon [_thread_in_native, id=6976, stack(0x1d6f0000,0x1d740000)]
  0x17aff400 JavaThread "Exec Default Executor" daemon [_thread_in_native, id=6728, stack(0x1d600000,0x1d650000)]
  0x17afe800 JavaThread "Exec Stream Pumper" daemon [_thread_in_native, id=12280, stack(0x1d010000,0x1d060000)]
  0x17af9400 JavaThread "Exec Stream Pumper" daemon [_thread_in_native, id=6948, stack(0x1cfc0000,0x1d010000)]
  0x17afd800 JavaThread "Exec Default Executor" daemon [_thread_in_native, id=7420, stack(0x1ced0000,0x1cf20000)]
  0x17afbc00 JavaThread "Exec Stream Pumper" daemon [_thread_in_native, id=7268, stack(0x1c8e0000,0x1c930000)]
  0x17afac00 JavaThread "Exec Stream Pumper" daemon [_thread_in_native, id=9792, stack(0x1c890000,0x1c8e0000)]
  0x17afc000 JavaThread "Exec Default Executor" daemon [_thread_in_native, id=3992, stack(0x1c7f0000,0x1c840000)]
  0x17afa800 JavaThread "Exec Stream Pumper" daemon [_thread_in_native, id=4764, stack(0x1c7a0000,0x1c7f0000)]
  0x17aff800 JavaThread "Exec Stream Pumper" daemon [_thread_in_native, id=5836, stack(0x1c750000,0x1c7a0000)]
  0x17afb400 JavaThread "Exec Default Executor" daemon [_thread_in_native, id=4940, stack(0x1c660000,0x1c6b0000)]
  0x17afa000 JavaThread "Exec Stream Pumper" daemon [_thread_in_native, id=6452, stack(0x1c390000,0x1c3e0000)]
  0x17afe000 JavaThread "Exec Stream Pumper" daemon [_thread_in_native, id=3596, stack(0x1c340000,0x1c390000)]
  0x1652c000 JavaThread "Exec Default Executor" daemon [_thread_in_native, id=9384, stack(0x1c250000,0x1c2a0000)]
  0x1652a800 JavaThread "Exec Stream Pumper" daemon [_thread_in_native, id=5988, stack(0x1b670000,0x1b6c0000)]
  0x1652dc00 JavaThread "Exec Stream Pumper" daemon [_thread_in_native, id=10428, stack(0x1b620000,0x1b670000)]
  0x1652c800 JavaThread "Exec Default Executor" daemon [_thread_in_native, id=11572, stack(0x1b530000,0x1b580000)]
  0x1652bc00 JavaThread "Exec Stream Pumper" daemon [_thread_in_native, id=7064, stack(0x1a950000,0x1a9a0000)]
  0x1652b400 JavaThread "Exec Stream Pumper" daemon [_thread_in_native, id=9184, stack(0x1a900000,0x1a950000)]
  0x1652d400 JavaThread "Exec Default Executor" daemon [_thread_in_native, id=7360, stack(0x1a810000,0x1a860000)]
  0x15f2e000 JavaThread "Exec Stream Pumper" daemon [_thread_in_native, id=5972, stack(0x19870000,0x198c0000)]
  0x16056c00 JavaThread "Exec Stream Pumper" daemon [_thread_in_native, id=1268, stack(0x19820000,0x19870000)]
  0x15711800 JavaThread "Exec Default Executor" daemon [_thread_in_native, id=8992, stack(0x19730000,0x19780000)]
  0x1570d800 JavaThread "Exec Stream Pumper" daemon [_thread_in_native, id=8412, stack(0x17690000,0x176e0000)]
  0x1570d400 JavaThread "Exec Stream Pumper" daemon [_thread_in_native, id=8156, stack(0x17640000,0x17690000)]
  0x16485c00 JavaThread "Exec Default Executor" daemon [_thread_in_native, id=8676, stack(0x175f0000,0x17640000)]
  0x15212000 JavaThread "Abandoned connection cleanup thread" daemon [_thread_blocked, id=9176, stack(0x173a0000,0x173f0000)]
  0x01c2cc00 JavaThread "Service Thread" daemon [_thread_blocked, id=7164, stack(0x14b00000,0x14b50000)]
  0x01bfd000 JavaThread "C1 CompilerThread0" daemon [_thread_blocked, id=7060, stack(0x14ab0000,0x14b00000)]
  0x01bfbc00 JavaThread "Attach Listener" daemon [_thread_blocked, id=5688, stack(0x14a60000,0x14ab0000)]
  0x01bf9c00 JavaThread "Signal Dispatcher" daemon [_thread_blocked, id=6984, stack(0x14a10000,0x14a60000)]
  0x01b8c800 JavaThread "Finalizer" daemon [_thread_blocked, id=7132, stack(0x13ea0000,0x13ef0000)]
  0x01b87800 JavaThread "Reference Handler" daemon [_thread_blocked, id=7256, stack(0x13e50000,0x13ea0000)]
=>0x00f1cc00 JavaThread "main" [_thread_in_vm, id=7116, stack(0x00e50000,0x00ea0000)]

Other Threads:
  0x01b83c00 VMThread [stack: 0x13e00000,0x13e50000] [id=8356]
  0x15198800 WatcherThread [stack: 0x14b50000,0x14ba0000] [id=7372]

VM state:not at safepoint (normal execution)

VM Mutex/Monitor currently owned by a thread: None

Heap:
 def new generation   total 24832K, used 8826K [0x03e00000, 0x058f0000, 0x09350000)
  eden space 22080K,  38% used [0x03e00000, 0x046361b8, 0x05390000)
  from space 2752K,  15% used [0x05390000, 0x053f87b8, 0x05640000)
  to   space 2752K,   0% used [0x05640000, 0x05640000, 0x058f0000)
 tenured generation   total 55036K, used 41610K [0x09350000, 0x0c90f000, 0x13e00000)
   the space 55036K,  75% used [0x09350000, 0x0bbf2870, 0x0bbf2a00, 0x0c90f000)
 Metaspace       used 26275K, capacity 26508K, committed 26624K, reserved 27008K

Card table byte_map: [0x03d50000,0x03de0000] byte_map_base: 0x03d31000

Polling page: 0x00ea0000

CodeCache: size=32768Kb used=4750Kb max_used=6374Kb free=28018Kb
 bounds [0x01cd0000, 0x02370000, 0x03cd0000]
 total_blobs=2236 nmethods=2040 adapters=126
 compilation: enabled

Compilation events (10 events):
Event: 61151.593 Thread 0x01bfd000 15278             java.io.ByteArrayOutputStream::ensureCapacity (16 bytes)
Event: 61151.593 Thread 0x01bfd000 nmethod 15278 0x01fb0b08 code [0x01fb0c10, 0x01fb0cbc]
Event: 61151.593 Thread 0x01bfd000 15279  s          java.io.ByteArrayOutputStream::write (32 bytes)
Event: 61151.593 Thread 0x01bfd000 nmethod 15279 0x022f7fc8 code [0x022f80d0, 0x022f82fc]
Event: 61151.593 Thread 0x01bfd000 15280             com.sun.crypto.provider.GHASH::getLong (41 bytes)
Event: 61151.594 Thread 0x01bfd000 nmethod 15280 0x022489c8 code [0x02248ac0, 0x02248bc0]
Event: 61151.594 Thread 0x01bfd000 15281             com.sun.crypto.provider.GCTR::update (158 bytes)
Event: 61151.594 Thread 0x01bfd000 nmethod 15281 0x02254c48 code [0x02254da0, 0x0225518c]
Event: 61151.594 Thread 0x01bfd000 15282             com.sun.crypto.provider.AESCrypt::encryptBlock (953 bytes)
Event: 61151.595 Thread 0x01bfd000 nmethod 15282 0x01f4ef08 code [0x01f4f070, 0x01f4f9e0]

GC Heap History (10 events):
Event: 61127.952 GC heap before
{Heap before GC invocations=368 (full 41):
 def new generation   total 24832K, used 22441K [0x03e00000, 0x058f0000, 0x09350000)
  eden space 22080K, 100% used [0x03e00000, 0x05390000, 0x05390000)
  from space 2752K,  13% used [0x05640000, 0x0569a580, 0x058f0000)
  to   space 2752K,   0% used [0x05390000, 0x05390000, 0x05640000)
 tenured generation   total 55036K, used 41610K [0x09350000, 0x0c90f000, 0x13e00000)
   the space 55036K,  75% used [0x09350000, 0x0bbf2870, 0x0bbf2a00, 0x0c90f000)
 Metaspace       used 26275K, capacity 26508K, committed 26624K, reserved 27008K
Event: 61127.956 GC heap after
Heap after GC invocations=369 (full 41):
 def new generation   total 24832K, used 287K [0x03e00000, 0x058f0000, 0x09350000)
  eden space 22080K,   0% used [0x03e00000, 0x03e00000, 0x05390000)
  from space 2752K,  10% used [0x05390000, 0x053d7cd0, 0x05640000)
  to   space 2752K,   0% used [0x05640000, 0x05640000, 0x058f0000)
 tenured generation   total 55036K, used 41610K [0x09350000, 0x0c90f000, 0x13e00000)
   the space 55036K,  75% used [0x09350000, 0x0bbf2870, 0x0bbf2a00, 0x0c90f000)
 Metaspace       used 26275K, capacity 26508K, committed 26624K, reserved 27008K
}
Event: 61130.409 GC heap before
{Heap before GC invocations=369 (full 41):
 def new generation   total 24832K, used 22361K [0x03e00000, 0x058f0000, 0x09350000)
  eden space 22080K,  99% used [0x03e00000, 0x0538e900, 0x05390000)
  from space 2752K,  10% used [0x05390000, 0x053d7cd0, 0x05640000)
  to   space 2752K,   0% used [0x05640000, 0x05640000, 0x058f0000)
 tenured generation   total 55036K, used 41610K [0x09350000, 0x0c90f000, 0x13e00000)
   the space 55036K,  75% used [0x09350000, 0x0bbf2870, 0x0bbf2a00, 0x0c90f000)
 Metaspace       used 26275K, capacity 26508K, committed 26624K, reserved 27008K
Event: 61130.412 GC heap after
Heap after GC invocations=370 (full 41):
 def new generation   total 24832K, used 306K [0x03e00000, 0x058f0000, 0x09350000)
  eden space 22080K,   0% used [0x03e00000, 0x03e00000, 0x05390000)
  from space 2752K,  11% used [0x05640000, 0x0568cbf0, 0x058f0000)
  to   space 2752K,   0% used [0x05390000, 0x05390000, 0x05640000)
 tenured generation   total 55036K, used 41610K [0x09350000, 0x0c90f000, 0x13e00000)
   the space 55036K,  75% used [0x09350000, 0x0bbf2870, 0x0bbf2a00, 0x0c90f000)
 Metaspace       used 26275K, capacity 26508K, committed 26624K, reserved 27008K
}
Event: 61143.403 GC heap before
{Heap before GC invocations=370 (full 41):
 def new generation   total 24832K, used 22386K [0x03e00000, 0x058f0000, 0x09350000)
  eden space 22080K, 100% used [0x03e00000, 0x05390000, 0x05390000)
  from space 2752K,  11% used [0x05640000, 0x0568cbf0, 0x058f0000)
  to   space 2752K,   0% used [0x05390000, 0x05390000, 0x05640000)
 tenured generation   total 55036K, used 41610K [0x09350000, 0x0c90f000, 0x13e00000)
   the space 55036K,  75% used [0x09350000, 0x0bbf2870, 0x0bbf2a00, 0x0c90f000)
 Metaspace       used 26275K, capacity 26508K, committed 26624K, reserved 27008K
Event: 61143.406 GC heap after
Heap after GC invocations=371 (full 41):
 def new generation   total 24832K, used 439K [0x03e00000, 0x058f0000, 0x09350000)
  eden space 22080K,   0% used [0x03e00000, 0x03e00000, 0x05390000)
  from space 2752K,  15% used [0x05390000, 0x053fdd30, 0x05640000)
  to   space 2752K,   0% used [0x05640000, 0x05640000, 0x058f0000)
 tenured generation   total 55036K, used 41610K [0x09350000, 0x0c90f000, 0x13e00000)
   the space 55036K,  75% used [0x09350000, 0x0bbf2870, 0x0bbf2a00, 0x0c90f000)
 Metaspace       used 26275K, capacity 26508K, committed 26624K, reserved 27008K
}
Event: 61145.633 GC heap before
{Heap before GC invocations=371 (full 41):
 def new generation   total 24832K, used 22513K [0x03e00000, 0x058f0000, 0x09350000)
  eden space 22080K,  99% used [0x03e00000, 0x0538e7c0, 0x05390000)
  from space 2752K,  15% used [0x05390000, 0x053fdd30, 0x05640000)
  to   space 2752K,   0% used [0x05640000, 0x05640000, 0x058f0000)
 tenured generation   total 55036K, used 41610K [0x09350000, 0x0c90f000, 0x13e00000)
   the space 55036K,  75% used [0x09350000, 0x0bbf2870, 0x0bbf2a00, 0x0c90f000)
 Metaspace       used 26275K, capacity 26508K, committed 26624K, reserved 27008K
Event: 61145.636 GC heap after
Heap after GC invocations=372 (full 41):
 def new generation   total 24832K, used 410K [0x03e00000, 0x058f0000, 0x09350000)
  eden space 22080K,   0% used [0x03e00000, 0x03e00000, 0x05390000)
  from space 2752K,  14% used [0x05640000, 0x056a69d0, 0x058f0000)
  to   space 2752K,   0% used [0x05390000, 0x05390000, 0x05640000)
 tenured generation   total 55036K, used 41610K [0x09350000, 0x0c90f000, 0x13e00000)
   the space 55036K,  75% used [0x09350000, 0x0bbf2870, 0x0bbf2a00, 0x0c90f000)
 Metaspace       used 26275K, capacity 26508K, committed 26624K, reserved 27008K
}
Event: 61147.928 GC heap before
{Heap before GC invocations=372 (full 41):
 def new generation   total 24832K, used 22490K [0x03e00000, 0x058f0000, 0x09350000)
  eden space 22080K, 100% used [0x03e00000, 0x05390000, 0x05390000)
  from space 2752K,  14% used [0x05640000, 0x056a69d0, 0x058f0000)
  to   space 2752K,   0% used [0x05390000, 0x05390000, 0x05640000)
 tenured generation   total 55036K, used 41610K [0x09350000, 0x0c90f000, 0x13e00000)
   the space 55036K,  75% used [0x09350000, 0x0bbf2870, 0x0bbf2a00, 0x0c90f000)
 Metaspace       used 26275K, capacity 26508K, committed 26624K, reserved 27008K
Event: 61147.930 GC heap after
Heap after GC invocations=373 (full 41):
 def new generation   total 24832K, used 417K [0x03e00000, 0x058f0000, 0x09350000)
  eden space 22080K,   0% used [0x03e00000, 0x03e00000, 0x05390000)
  from space 2752K,  15% used [0x05390000, 0x053f87b8, 0x05640000)
  to   space 2752K,   0% used [0x05640000, 0x05640000, 0x058f0000)
 tenured generation   total 55036K, used 41610K [0x09350000, 0x0c90f000, 0x13e00000)
   the space 55036K,  75% used [0x09350000, 0x0bbf2870, 0x0bbf2a00, 0x0c90f000)
 Metaspace       used 26275K, capacity 26508K, committed 26624K, reserved 27008K
}

Deoptimization events (0 events):
No events

Internal exceptions (10 events):
Event: 43093.438 Thread 0x00f1cc00 Exception <a 'java/lang/LinkageError': loader (instance of  sun/misc/Launcher$AppClassLoader): attempted  duplicate class definition for name: "com/ebay/services/finding/FindItemsByCategoryRequest$JaxbAccessorF_domainFilter"> (0x04b52fa8) thrown at [C:\re\5WÓ®
å@
Event: 43093.438 Thread 0x00f1cc00 Exception <a 'java/lang/LinkageError'> (0x04b52fa8) thrown at [C:\re\workspace\8-2-build-windows-i586-cygwin\jdk8u66\5298\hotspot\src\share\vm\classfile\systemDictionary.cpp, line 1528]
Event: 43093.438 Thread 0x00f1cc00 Exception <a 'java/lang/LinkageError': loader (instance of  sun/misc/Launcher$AppClassLoader): attempted  duplicate class definition for name: "com/ebay/services/finding/FindItemsByProductRequest$JaxbAccessorF_productId"> (0x04b5c118) thrown at [C:\re\workãÔ®
å@
Event: 43093.438 Thread 0x00f1cc00 Exception <a 'java/lang/LinkageError'> (0x04b5c118) thrown at [C:\re\workspace\8-2-build-windows-i586-cygwin\jdk8u66\5298\hotspot\src\share\vm\classfile\systemDictionary.cpp, line 1528]
Event: 43093.439 Thread 0x00f1cc00 Exception <a 'java/lang/LinkageError': loader (instance of  sun/misc/Launcher$AppClassLoader): attempted  duplicate class definition for name: "com/ebay/services/finding/FindItemsByProductRequest$JaxbAccessorF_itemFilter"> (0x04b649e8) thrown at [C:\re\wor´@Á	®
å@
Event: 43093.439 Thread 0x00f1cc00 Exception <a 'java/lang/LinkageError'> (0x04b649e8) thrown at [C:\re\workspace\8-2-build-windows-i586-cygwin\jdk8u66\5298\hotspot\src\share\vm\classfile\systemDictionary.cpp, line 1528]
Event: 43093.439 Thread 0x00f1cc00 Exception <a 'java/lang/LinkageError': loader (instance of  sun/misc/Launcher$AppClassLoader): attempted  duplicate class definition for name: "com/ebay/services/finding/FindItemsByProductRequest$JaxbAccessorF_outputSelector"> (0x04b6d3b8) thrown at [C:\reM ¶®
å@
Event: 43093.439 Thread 0x00f1cc00 Exception <a 'java/lang/LinkageError'> (0x04b6d3b8) thrown at [C:\re\workspace\8-2-build-windows-i586-cygwin\jdk8u66\5298\hotspot\src\share\vm\classfile\systemDictionary.cpp, line 1528]
Event: 55112.608 Thread 0x17d38800 Exception <a 'java/net/SocketTimeoutException': connect timed out> (0x045b72f8) thrown at [C:\re\workspace\8-2-build-windows-i586-cygwin\jdk8u66\5298\hotspot\src\share\vm\prims\jni.cpp, line 735]
Event: 60972.050 Thread 0x17af8000 Exception <a 'java/net/SocketTimeoutException': connect timed out> (0x04f32548) thrown at [C:\re\workspace\8-2-build-windows-i586-cygwin\jdk8u66\5298\hotspot\src\share\vm\prims\jni.cpp, line 735]

Events (10 events):
Event: 61151.056 Thread 0x01bfd000 flushing nmethod 0x022f8ec8
Event: 61151.590 Thread 0x17c41800 Thread added: 0x17c41800
Event: 61151.590 Executing VM operation: RevokeBias
Event: 61151.590 Executing VM operation: RevokeBias done
Event: 61151.590 Thread 0x17c41800 Thread exited: 0x17c41800
Event: 61151.592 Thread 0x01bfd000 flushing nmethod 0x01dc9388
Event: 61151.592 Thread 0x01bfd000 flushing nmethod 0x01fb0b08
Event: 61151.593 Thread 0x01bfd000 flushing nmethod 0x02132608
Event: 61151.593 Thread 0x01bfd000 flushing nmethod 0x02132a88
Event: 61151.593 Thread 0x01bfd000 flushing nmethod 0x022f7fc8


Dynamic libraries:
0x00f20000 - 0x00f53000 	C:\Program Files\Java\jre1.8.0_66\bin\javaw.exe
0x76fa0000 - 0x7712d000 	C:\WINDOWS\SYSTEM32\ntdll.dll
0x76d70000 - 0x76e05000 	C:\WINDOWS\System32\KERNEL32.DLL
0x745e0000 - 0x747a5000 	C:\WINDOWS\System32\KERNELBASE.dll
0x76b60000 - 0x76bd7000 	C:\WINDOWS\System32\ADVAPI32.dll
0x76330000 - 0x763ed000 	C:\WINDOWS\System32\msvcrt.dll
0x748a0000 - 0x748e1000 	C:\WINDOWS\System32\sechost.dll
0x748f0000 - 0x749b7000 	C:\WINDOWS\System32\RPCRT4.dll
0x76e70000 - 0x76fa0000 	C:\WINDOWS\System32\USER32.dll
0x73bf0000 - 0x73c0a000 	C:\WINDOWS\System32\win32u.dll
0x74ba0000 - 0x74bc1000 	C:\WINDOWS\System32\GDI32.dll
0x73c10000 - 0x73d6d000 	C:\WINDOWS\System32\gdi32full.dll
0x73b70000 - 0x73be9000 	C:\WINDOWS\System32\msvcp_win.dll
0x744c0000 - 0x745d8000 	C:\WINDOWS\System32\ucrtbase.dll
0x65550000 - 0x6575e000 	C:\WINDOWS\WinSxS\x86_microsoft.windows.common-controls_6595b64144ccf1df_6.0.15063.0_none_583b8639f462029f\COMCTL32.dll
0x763f0000 - 0x76628000 	C:\WINDOWS\System32\combase.dll
0x747b0000 - 0x74807000 	C:\WINDOWS\System32\bcryptPrimitives.dll
0x74fb0000 - 0x74fd6000 	C:\WINDOWS\System32\IMM32.DLL
0x63c20000 - 0x63cdf000 	C:\Program Files\Java\jre1.8.0_66\bin\msvcr100.dll
0x6ce20000 - 0x6d1e5000 	C:\Program Files\Java\jre1.8.0_66\bin\client\jvm.dll
0x76be0000 - 0x76be6000 	C:\WINDOWS\System32\PSAPI.DLL
0x70080000 - 0x700a4000 	C:\WINDOWS\SYSTEM32\WINMM.dll
0x67c80000 - 0x67c88000 	C:\WINDOWS\SYSTEM32\WSOCK32.dll
0x6ae40000 - 0x6ae48000 	C:\WINDOWS\SYSTEM32\VERSION.dll
0x74b30000 - 0x74b97000 	C:\WINDOWS\System32\ws2_32.DLL
0x6ff00000 - 0x6ff23000 	C:\WINDOWS\SYSTEM32\WINMMBASE.dll
0x73d70000 - 0x73da9000 	C:\WINDOWS\System32\cfgmgr32.dll
0x65a40000 - 0x65a4c000 	C:\Program Files\Java\jre1.8.0_66\bin\verify.dll
0x65a10000 - 0x65a31000 	C:\Program Files\Java\jre1.8.0_66\bin\java.dll
0x658b0000 - 0x658c3000 	C:\Program Files\Java\jre1.8.0_66\bin\zip.dll
0x74fe0000 - 0x76328000 	C:\WINDOWS\System32\SHELL32.dll
0x74bd0000 - 0x74c5c000 	C:\WINDOWS\System32\shcore.dll
0x73f30000 - 0x744b4000 	C:\WINDOWS\System32\windows.storage.dll
0x74ea0000 - 0x74ee5000 	C:\WINDOWS\System32\shlwapi.dll
0x73b00000 - 0x73b0e000 	C:\WINDOWS\System32\kernel.appcore.dll
0x73ab0000 - 0x73af5000 	C:\WINDOWS\System32\powrprof.dll
0x73b10000 - 0x73b20000 	C:\WINDOWS\System32\profapi.dll
0x735d0000 - 0x735e3000 	C:\WINDOWS\SYSTEM32\CRYPTSP.dll
0x73140000 - 0x7316f000 	C:\WINDOWS\system32\rsaenh.dll
0x73990000 - 0x739aa000 	C:\WINDOWS\SYSTEM32\bcrypt.dll
0x739b0000 - 0x739d2000 	C:\WINDOWS\SYSTEM32\USERENV.dll
0x735f0000 - 0x735fa000 	C:\WINDOWS\SYSTEM32\CRYPTBASE.dll
0x65890000 - 0x658a6000 	C:\Program Files\Java\jre1.8.0_66\bin\net.dll
0x73460000 - 0x734b0000 	C:\WINDOWS\system32\mswsock.dll
0x73270000 - 0x7329f000 	C:\WINDOWS\SYSTEM32\IPHLPAPI.DLL
0x76c00000 - 0x76c07000 	C:\WINDOWS\System32\NSI.dll
0x6f6a0000 - 0x6f6b3000 	C:\WINDOWS\SYSTEM32\dhcpcsvc6.DLL
0x6f680000 - 0x6f694000 	C:\WINDOWS\SYSTEM32\dhcpcsvc.DLL
0x63b40000 - 0x63b4f000 	C:\Program Files\Java\jre1.8.0_66\bin\nio.dll
0x5b8c0000 - 0x5b8e0000 	C:\Program Files\Java\jre1.8.0_66\bin\sunec.dll
0x71d70000 - 0x71d83000 	C:\WINDOWS\system32\NLAapi.dll
0x5bdb0000 - 0x5bdc1000 	C:\WINDOWS\system32\napinsp.dll
0x5bea0000 - 0x5beb6000 	C:\WINDOWS\system32\pnrpnsp.dll
0x732a0000 - 0x7331f000 	C:\WINDOWS\SYSTEM32\DNSAPI.dll
0x5bec0000 - 0x5becb000 	C:\WINDOWS\System32\winrnr.dll
0x65520000 - 0x65541000 	C:\Program Files\Bonjour\mdnsNSP.dll
0x6d8b0000 - 0x6d8b8000 	C:\Windows\System32\rasadhlp.dll
0x6ec80000 - 0x6ecca000 	C:\WINDOWS\System32\fwpuclnt.dll
0x6aa00000 - 0x6ab5d000 	C:\WINDOWS\SYSTEM32\dbghelp.dll

VM Arguments:
jvm_args: -Dfile.encoding=Cp1255 
java_command: Main.Main
java_class_path (initial): C:\Users\Noname\workspace\Monitor2\bin;C:\ChromeDriverFolder\selenium-server-standalone-3.0.1.jar;C:\poi-3.15\poi-3.15.jar;C:\poi-3.15\poi-examples-3.15.jar;C:\poi-3.15\poi-excelant-3.15.jar;C:\poi-3.15\poi-ooxml-3.15.jar;C:\poi-3.15\poi-ooxml-schemas-3.15.jar;C:\poi-3.15\poi-scratchpad-3.15.jar;C:\poi-3.15\ooxml-lib\curvesapi-1.04.jar;C:\poi-3.15\ooxml-lib\xmlbeans-2.6.0.jar;C:\poi-3.15\lib\commons-codec-1.10.jar;C:\poi-3.15\lib\commons-collections4-4.1.jar;C:\poi-3.15\lib\commons-logging-1.2.jar;C:\poi-3.15\lib\junit-4.12.jar;C:\poi-3.15\lib\log4j-1.2.17.jar;C:\JDBC Driver\mysql-connector-java-5.1.40-bin.jar;C:\JavaSdkForJava\activation.jar;C:\JavaSdkForJava\ebaycalls.jar;C:\JavaSdkForJava\ebaycalls-src.jar;C:\JavaSdkForJava\ebaysdkcore.jar;C:\JavaSdkForJava\ebaysdkcore-src.jar;C:\JavaSdkForJava\FastInfoset.jar;C:\JavaSdkForJava\helper.jar;C:\JavaSdkForJava\helper-src.jar;C:\JavaSdkForJava\http.jar;C:\JavaSdkForJava\jakarta-oro-2.0.8.jar;C:\JavaSdkForJava\jaxb-api.jar;C:\JavaSdkForJava\jaxb-impl.jar;C:\JavaSdkForJava\jaxb-xjc.jar;C:\JavaSdkForJava\jaxp-api.jar;C:\JavaSdkForJava\jaxp-ri.jar;C:\JavaSdkForJava\jaxws-api.jar;C:\JavaSdkForJava\jsr181-api.jar;C:\JavaSdkForJava\jsr250-api.jar;C:\JavaSdkForJava\saaj-api.jar;C:\JavaSdkForJava\saaj-impl.jar;C:\JavaSdkForJava\jsr173_api.jar;C:\JavaSdkForJava\sjsxp.jar;C:\JavaSdkForJava\resolver.jar;C:\JavaSdkForJava\stax-ex.jar;C:\JavaSdkForJava\streambuffer.jar;C:\JavaSdkForJava\jaxws-rt.jar;C:\JavaSdkForJava\jaxws-tools.jar;C:\JavaSdkForJava\junit.jar;C:\JavaSdkForJava\log4j-1.2.16.jar;C:\JavaSdkForJava\mimepull.jar;C:\JavaSdkForJava\serializer.jar;C:\JavaSdkForJava\slf4j-api-1.6.1.jar;C:\JavaSdkForJava\slf4j-jdk14-1.6.1.jar;C:\JavaSdkForJava\slf4j-log4j12-1.6.1.jar;C:\JavaSdkForJava\slf4j-nop-1.6.1.jar;C:\JavaSdkForJava\slf4j-simple-1.6.1.jar;C:\JavaSdkForJava\src.jar;C:\JavaSdkForJava\xalan.jar;C:\FinditemEbay\ebaycalls.jar;C:\FinditemEbay\ebaysdkcore.jar;C:\FinditemEbay\finding.jar;C:\Findit
Launcher Type: SUN_STANDARD

Environment Variables:
PATH=C:/Program Files/Java/jre1.8.0_66/bin/client;C:/Program Files/Java/jre1.8.0_66/bin;C:/Program Files/Java/jre1.8.0_66/lib/i386;C:\ProgramData\Oracle\Java\javapath;C:\Program Files\Intel\iCLS Client\;C:\WINDOWS\system32;C:\WINDOWS;C:\WINDOWS\System32\Wbem;C:\WINDOWS\System32\WindowsPowerShell\v1.0\;;C:\Program Files\Intel\Intel(R) Management Engine Components\DAL;C:\Program Files\Intel\Intel(R) Management Engine Components\IPT;C:\Program Files\Microsoft SQL Server\120\Tools\Binn\;C:\Program Files\Windows Kits\8.1\Windows Performance Toolkit\;C:\Program Files\Microsoft SQL Server\110\Tools\Binn\;C:\Program Files\Microsoft SDKs\TypeScript\1.0\;C:\Users\Noname\AppData\Local\Microsoft\WindowsApps;;D:\eclipse;
USERNAME=Noname
OS=Windows_NT
PROCESSOR_IDENTIFIER=x86 Family 6 Model 58 Stepping 9, GenuineIntel



---------------  S Y S T E M  ---------------

OS: Windows 10.0 Build 15063 (10.0.15063.296)

CPU:total 8 (4 cores per cpu, 2 threads per core) family 6 model 58 stepping 9, cmov, cx8, fxsr, mmx, sse, sse2, sse3, ssse3, sse4.1, sse4.2, popcnt, avx, aes, clmul, erms, ht, tsc, tscinvbit, tscinv

Memory: 4k page, physical 3571788k(720132k free), swap 14581836k(7820164k free)

vm_info: Java HotSpot(TM) Client VM (25.66-b18) for windows-x86 JRE (1.8.0_66-b18), built on Nov  9 2015 10:58:29 by "java_re" with MS VC++ 10.0 (VS2010)

time: Thu Sep 21 02:44:40 2017
elapsed time: 61152 seconds (0d 16h 59m 12s)

